11:15:02 **** Build of configuration Default for project stm32-nucleo-f103rb_base ****
make all 
make: Rien à faire pour « all ».
11:15:28 **** Incremental Build of configuration Default for project stm32-nucleo-f103rb_base ****
make all 
make: Rien à faire pour « all ».
11:15:31 **** Incremental Build of configuration Default for project stm32-nucleo-f103rb_base ****
make all 
make: Rien à faire pour « all ».
11:15:35 **** Clean-only build of configuration Default for project stm32-nucleo-f103rb_base ****
make clean 
rm -f *.o template.elf template.hex template.bin
11:16:31 **** Build of configuration Default for project stm32-nucleo-f103rb_base ****
make all 
/local/sdk_elec/gcc-arm-none-eabi-5_2-2015q4/bin/arm-none-eabi-gcc -c -o stm32f1xx_hal.o -IInc/ -IDrivers/STM32F1xx_HAL_Driver/Inc/ -ISrc/vl6180x/ -IDrivers/BSP/STM32F1xx_Nucleo/ -IDrivers/CMSIS/Device/ST/STM32F1xx/Include/ -IDrivers/CMSIS/Include/ -DSTM32F103xBt -ggdb -O0 -mlittle-endian --specs=rdimon.specs -mthumb -mcpu=cortex-m3 -mthumb-interwork -Wl,--gc-sections -lgcc -lc -lm -lrdimon Drivers/STM32F1xx_HAL_Driver/Src/stm32f1xx_hal.c
/local/sdk_elec/gcc-arm-none-eabi-5_2-2015q4/bin/arm-none-eabi-gcc -c -o stm32f1xx_hal_rcc.o -IInc/ -IDrivers/STM32F1xx_HAL_Driver/Inc/ -ISrc/vl6180x/ -IDrivers/BSP/STM32F1xx_Nucleo/ -IDrivers/CMSIS/Device/ST/STM32F1xx/Include/ -IDrivers/CMSIS/Include/ -DSTM32F103xBt -ggdb -O0 -mlittle-endian --specs=rdimon.specs -mthumb -mcpu=cortex-m3 -mthumb-interwork -Wl,--gc-sections -lgcc -lc -lm -lrdimon Drivers/STM32F1xx_HAL_Driver/Src/stm32f1xx_hal_rcc.c
/local/sdk_elec/gcc-arm-none-eabi-5_2-2015q4/bin/arm-none-eabi-gcc -c -o stm32f1xx_hal_rcc_ex.o -IInc/ -IDrivers/STM32F1xx_HAL_Driver/Inc/ -ISrc/vl6180x/ -IDrivers/BSP/STM32F1xx_Nucleo/ -IDrivers/CMSIS/Device/ST/STM32F1xx/Include/ -IDrivers/CMSIS/Include/ -DSTM32F103xBt -ggdb -O0 -mlittle-endian --specs=rdimon.specs -mthumb -mcpu=cortex-m3 -mthumb-interwork -Wl,--gc-sections -lgcc -lc -lm -lrdimon Drivers/STM32F1xx_HAL_Driver/Src/stm32f1xx_hal_rcc_ex.c
/local/sdk_elec/gcc-arm-none-eabi-5_2-2015q4/bin/arm-none-eabi-gcc -c -o stm32f1xx_hal_rtc.o -IInc/ -IDrivers/STM32F1xx_HAL_Driver/Inc/ -ISrc/vl6180x/ -IDrivers/BSP/STM32F1xx_Nucleo/ -IDrivers/CMSIS/Device/ST/STM32F1xx/Include/ -IDrivers/CMSIS/Include/ -DSTM32F103xBt -ggdb -O0 -mlittle-endian --specs=rdimon.specs -mthumb -mcpu=cortex-m3 -mthumb-interwork -Wl,--gc-sections -lgcc -lc -lm -lrdimon Drivers/STM32F1xx_HAL_Driver/Src/stm32f1xx_hal_rtc.c
/local/sdk_elec/gcc-arm-none-eabi-5_2-2015q4/bin/arm-none-eabi-gcc -c -o stm32f1xx_hal_gpio.o -IInc/ -IDrivers/STM32F1xx_HAL_Driver/Inc/ -ISrc/vl6180x/ -IDrivers/BSP/STM32F1xx_Nucleo/ -IDrivers/CMSIS/Device/ST/STM32F1xx/Include/ -IDrivers/CMSIS/Include/ -DSTM32F103xBt -ggdb -O0 -mlittle-endian --specs=rdimon.specs -mthumb -mcpu=cortex-m3 -mthumb-interwork -Wl,--gc-sections -lgcc -lc -lm -lrdimon Drivers/STM32F1xx_HAL_Driver/Src/stm32f1xx_hal_gpio.c
/local/sdk_elec/gcc-arm-none-eabi-5_2-2015q4/bin/arm-none-eabi-gcc -c -o stm32f1xx_hal_cortex.o -IInc/ -IDrivers/STM32F1xx_HAL_Driver/Inc/ -ISrc/vl6180x/ -IDrivers/BSP/STM32F1xx_Nucleo/ -IDrivers/CMSIS/Device/ST/STM32F1xx/Include/ -IDrivers/CMSIS/Include/ -DSTM32F103xBt -ggdb -O0 -mlittle-endian --specs=rdimon.specs -mthumb -mcpu=cortex-m3 -mthumb-interwork -Wl,--gc-sections -lgcc -lc -lm -lrdimon Drivers/STM32F1xx_HAL_Driver/Src/stm32f1xx_hal_cortex.c
/local/sdk_elec/gcc-arm-none-eabi-5_2-2015q4/bin/arm-none-eabi-gcc -c -o stm32f1xx_hal_pcd.o -IInc/ -IDrivers/STM32F1xx_HAL_Driver/Inc/ -ISrc/vl6180x/ -IDrivers/BSP/STM32F1xx_Nucleo/ -IDrivers/CMSIS/Device/ST/STM32F1xx/Include/ -IDrivers/CMSIS/Include/ -DSTM32F103xBt -ggdb -O0 -mlittle-endian --specs=rdimon.specs -mthumb -mcpu=cortex-m3 -mthumb-interwork -Wl,--gc-sections -lgcc -lc -lm -lrdimon Drivers/STM32F1xx_HAL_Driver/Src/stm32f1xx_hal_pcd.c
/local/sdk_elec/gcc-arm-none-eabi-5_2-2015q4/bin/arm-none-eabi-gcc -c -o stm32f1xx_hal_pcd_ex.o -IInc/ -IDrivers/STM32F1xx_HAL_Driver/Inc/ -ISrc/vl6180x/ -IDrivers/BSP/STM32F1xx_Nucleo/ -IDrivers/CMSIS/Device/ST/STM32F1xx/Include/ -IDrivers/CMSIS/Include/ -DSTM32F103xBt -ggdb -O0 -mlittle-endian --specs=rdimon.specs -mthumb -mcpu=cortex-m3 -mthumb-interwork -Wl,--gc-sections -lgcc -lc -lm -lrdimon Drivers/STM32F1xx_HAL_Driver/Src/stm32f1xx_hal_pcd_ex.c
/local/sdk_elec/gcc-arm-none-eabi-5_2-2015q4/bin/arm-none-eabi-gcc -c -o stm32f1xx_hal_uart.o -IInc/ -IDrivers/STM32F1xx_HAL_Driver/Inc/ -ISrc/vl6180x/ -IDrivers/BSP/STM32F1xx_Nucleo/ -IDrivers/CMSIS/Device/ST/STM32F1xx/Include/ -IDrivers/CMSIS/Include/ -DSTM32F103xBt -ggdb -O0 -mlittle-endian --specs=rdimon.specs -mthumb -mcpu=cortex-m3 -mthumb-interwork -Wl,--gc-sections -lgcc -lc -lm -lrdimon Drivers/STM32F1xx_HAL_Driver/Src/stm32f1xx_hal_uart.c
/local/sdk_elec/gcc-arm-none-eabi-5_2-2015q4/bin/arm-none-eabi-gcc -c -o stm32f1xx_hal_usart.o -IInc/ -IDrivers/STM32F1xx_HAL_Driver/Inc/ -ISrc/vl6180x/ -IDrivers/BSP/STM32F1xx_Nucleo/ -IDrivers/CMSIS/Device/ST/STM32F1xx/Include/ -IDrivers/CMSIS/Include/ -DSTM32F103xBt -ggdb -O0 -mlittle-endian --specs=rdimon.specs -mthumb -mcpu=cortex-m3 -mthumb-interwork -Wl,--gc-sections -lgcc -lc -lm -lrdimon Drivers/STM32F1xx_HAL_Driver/Src/stm32f1xx_hal_usart.c
/local/sdk_elec/gcc-arm-none-eabi-5_2-2015q4/bin/arm-none-eabi-gcc -c -o stm32f1xx_hal_dma.o -IInc/ -IDrivers/STM32F1xx_HAL_Driver/Inc/ -ISrc/vl6180x/ -IDrivers/BSP/STM32F1xx_Nucleo/ -IDrivers/CMSIS/Device/ST/STM32F1xx/Include/ -IDrivers/CMSIS/Include/ -DSTM32F103xBt -ggdb -O0 -mlittle-endian --specs=rdimon.specs -mthumb -mcpu=cortex-m3 -mthumb-interwork -Wl,--gc-sections -lgcc -lc -lm -lrdimon Drivers/STM32F1xx_HAL_Driver/Src/stm32f1xx_hal_dma.c
/local/sdk_elec/gcc-arm-none-eabi-5_2-2015q4/bin/arm-none-eabi-gcc -c -o stm32f1xx_hal_adc.o -IInc/ -IDrivers/STM32F1xx_HAL_Driver/Inc/ -ISrc/vl6180x/ -IDrivers/BSP/STM32F1xx_Nucleo/ -IDrivers/CMSIS/Device/ST/STM32F1xx/Include/ -IDrivers/CMSIS/Include/ -DSTM32F103xBt -ggdb -O0 -mlittle-endian --specs=rdimon.specs -mthumb -mcpu=cortex-m3 -mthumb-interwork -Wl,--gc-sections -lgcc -lc -lm -lrdimon Drivers/STM32F1xx_HAL_Driver/Src/stm32f1xx_hal_adc.c
/local/sdk_elec/gcc-arm-none-eabi-5_2-2015q4/bin/arm-none-eabi-gcc -c -o stm32f1xx_hal_adc_ex.o -IInc/ -IDrivers/STM32F1xx_HAL_Driver/Inc/ -ISrc/vl6180x/ -IDrivers/BSP/STM32F1xx_Nucleo/ -IDrivers/CMSIS/Device/ST/STM32F1xx/Include/ -IDrivers/CMSIS/Include/ -DSTM32F103xBt -ggdb -O0 -mlittle-endian --specs=rdimon.specs -mthumb -mcpu=cortex-m3 -mthumb-interwork -Wl,--gc-sections -lgcc -lc -lm -lrdimon Drivers/STM32F1xx_HAL_Driver/Src/stm32f1xx_hal_adc_ex.c
/local/sdk_elec/gcc-arm-none-eabi-5_2-2015q4/bin/arm-none-eabi-gcc -c -o stm32f1xx_hal_spi.o -IInc/ -IDrivers/STM32F1xx_HAL_Driver/Inc/ -ISrc/vl6180x/ -IDrivers/BSP/STM32F1xx_Nucleo/ -IDrivers/CMSIS/Device/ST/STM32F1xx/Include/ -IDrivers/CMSIS/Include/ -DSTM32F103xBt -ggdb -O0 -mlittle-endian --specs=rdimon.specs -mthumb -mcpu=cortex-m3 -mthumb-interwork -Wl,--gc-sections -lgcc -lc -lm -lrdimon Drivers/STM32F1xx_HAL_Driver/Src/stm32f1xx_hal_spi.c
/local/sdk_elec/gcc-arm-none-eabi-5_2-2015q4/bin/arm-none-eabi-gcc -c -o stm32f1xx_hal_i2c.o -IInc/ -IDrivers/STM32F1xx_HAL_Driver/Inc/ -ISrc/vl6180x/ -IDrivers/BSP/STM32F1xx_Nucleo/ -IDrivers/CMSIS/Device/ST/STM32F1xx/Include/ -IDrivers/CMSIS/Include/ -DSTM32F103xBt -ggdb -O0 -mlittle-endian --specs=rdimon.specs -mthumb -mcpu=cortex-m3 -mthumb-interwork -Wl,--gc-sections -lgcc -lc -lm -lrdimon Drivers/STM32F1xx_HAL_Driver/Src/stm32f1xx_hal_i2c.c
/local/sdk_elec/gcc-arm-none-eabi-5_2-2015q4/bin/arm-none-eabi-gcc -c -o stm32f1xx_hal_tim.o -IInc/ -IDrivers/STM32F1xx_HAL_Driver/Inc/ -ISrc/vl6180x/ -IDrivers/BSP/STM32F1xx_Nucleo/ -IDrivers/CMSIS/Device/ST/STM32F1xx/Include/ -IDrivers/CMSIS/Include/ -DSTM32F103xBt -ggdb -O0 -mlittle-endian --specs=rdimon.specs -mthumb -mcpu=cortex-m3 -mthumb-interwork -Wl,--gc-sections -lgcc -lc -lm -lrdimon Drivers/STM32F1xx_HAL_Driver/Src/stm32f1xx_hal_tim.c
/local/sdk_elec/gcc-arm-none-eabi-5_2-2015q4/bin/arm-none-eabi-gcc -c -o stm32f1xx_hal_tim_ex.o -IInc/ -IDrivers/STM32F1xx_HAL_Driver/Inc/ -ISrc/vl6180x/ -IDrivers/BSP/STM32F1xx_Nucleo/ -IDrivers/CMSIS/Device/ST/STM32F1xx/Include/ -IDrivers/CMSIS/Include/ -DSTM32F103xBt -ggdb -O0 -mlittle-endian --specs=rdimon.specs -mthumb -mcpu=cortex-m3 -mthumb-interwork -Wl,--gc-sections -lgcc -lc -lm -lrdimon Drivers/STM32F1xx_HAL_Driver/Src/stm32f1xx_hal_tim_ex.c
/local/sdk_elec/gcc-arm-none-eabi-5_2-2015q4/bin/arm-none-eabi-gcc -c -o stm32f1xx_hal_can.o -IInc/ -IDrivers/STM32F1xx_HAL_Driver/Inc/ -ISrc/vl6180x/ -IDrivers/BSP/STM32F1xx_Nucleo/ -IDrivers/CMSIS/Device/ST/STM32F1xx/Include/ -IDrivers/CMSIS/Include/ -DSTM32F103xBt -ggdb -O0 -mlittle-endian --specs=rdimon.specs -mthumb -mcpu=cortex-m3 -mthumb-interwork -Wl,--gc-sections -lgcc -lc -lm -lrdimon Drivers/STM32F1xx_HAL_Driver/Src/stm32f1xx_hal_can.c
/local/sdk_elec/gcc-arm-none-eabi-5_2-2015q4/bin/arm-none-eabi-gcc -IInc/ -IDrivers/STM32F1xx_HAL_Driver/Inc/ -ISrc/vl6180x/ -IDrivers/BSP/STM32F1xx_Nucleo/ -IDrivers/CMSIS/Device/ST/STM32F1xx/Include/ -IDrivers/CMSIS/Include/ -DSTM32F103xBt -ggdb -O0 -mlittle-endian --specs=rdimon.specs -mthumb -mcpu=cortex-m3 -mthumb-interwork -Wl,--gc-sections -lgcc -lc -lm -lrdimon -Wall -Wextra -Warray-bounds -Wno-unused-parameter -TDevice/gcc.ld Src/main.c Device/startup_stm32f103xb.s Src/vl6180x/vl6180x_api.c Src/vl6180x/vl6180x_lib.c Src/vl6180x/x-nucleo-6180xa1.c Src/stm32f1xx_hal_msp.c Src/stm32f1xx_it.c Src/system_stm32f1xx.c Src/systemClock.c Src/drv_can.c Src/drv_spi.c Src/drv_uart.c Src/drv_i2c.c Src/anemo.c Src/mpu9250.c Src/tickTimer.c stm32f1xx_hal.o stm32f1xx_hal_rcc.o stm32f1xx_hal_rcc_ex.o stm32f1xx_hal_rtc.o stm32f1xx_hal_gpio.o stm32f1xx_hal_cortex.o stm32f1xx_hal_pcd.o stm32f1xx_hal_pcd_ex.o stm32f1xx_hal_uart.o stm32f1xx_hal_usart.o stm32f1xx_hal_dma.o stm32f1xx_hal_adc.o stm32f1xx_hal_adc_ex.o stm32f1xx_hal_spi.o stm32f1xx_hal_i2c.o stm32f1xx_hal_tim.o stm32f1xx_hal_tim_ex.o stm32f1xx_hal_can.o Drivers/BSP/STM32F1xx_Nucleo/stm32f1xx_nucleo.o -o template.elf
Src/vl6180x/vl6180x_api.c: In function '_DMax_Compute':
Src/vl6180x/vl6180x_api.c:2574:18: warning: comparison between signed and unsigned integer expressions [-Wsign-compare]
  if (rtnAmbRate  < rtnAmbLowLimit_KCps) {
                  ^
Src/vl6180x/vl6180x_lib.c: In function 'RangeState':
Src/vl6180x/vl6180x_lib.c:439:41: warning: comparison of unsigned expression >= 0 is always true [-Wtype-limits]
             if (g_TickCnt - TimeStarted >= ErrRangeDispTime &&  g_TickCnt - TimeStarted <  ErrRangeDispTime + DMaxDispTime ){
                                         ^
Src/vl6180x/vl6180x_lib.c:439:89: warning: comparison of unsigned expression < 0 is always false [-Wtype-limits]
             if (g_TickCnt - TimeStarted >= ErrRangeDispTime &&  g_TickCnt - TimeStarted <  ErrRangeDispTime + DMaxDispTime ){
                                                                                         ^
Src/vl6180x/vl6180x_lib.c:446:40: warning: comparison of unsigned expression < 0 is always false [-Wtype-limits]
             if(g_TickCnt - TimeStarted < ErrRangeDispTime  )
                                        ^
/local/sdk_elec/gcc-arm-none-eabi-5_2-2015q4/bin/arm-none-eabi-objcopy -O ihex template.elf   template.hex
/local/sdk_elec/gcc-arm-none-eabi-5_2-2015q4/bin/arm-none-eabi-objcopy -O binary template.elf template.bin
11:17:19 **** Incremental Build of configuration Default for project stm32-nucleo-f103rb_base ****
make all 
make: Rien à faire pour « all ».
11:17:22 **** Clean-only build of configuration Default for project stm32-nucleo-f103rb_base ****
make clean 
rm -f *.o template.elf template.hex template.bin
11:17:23 **** Build of configuration Default for project stm32-nucleo-f103rb_base ****
make all 
/local/sdk_elec/gcc-arm-none-eabi-5_2-2015q4/bin/arm-none-eabi-gcc -c -o stm32f1xx_hal.o -IInc/ -IDrivers/STM32F1xx_HAL_Driver/Inc/ -ISrc/vl6180x/ -IDrivers/BSP/STM32F1xx_Nucleo/ -IDrivers/CMSIS/Device/ST/STM32F1xx/Include/ -IDrivers/CMSIS/Include/ -DSTM32F103xBt -ggdb -O0 -mlittle-endian --specs=rdimon.specs -mthumb -mcpu=cortex-m3 -mthumb-interwork -Wl,--gc-sections -lgcc -lc -lm -lrdimon Drivers/STM32F1xx_HAL_Driver/Src/stm32f1xx_hal.c
/local/sdk_elec/gcc-arm-none-eabi-5_2-2015q4/bin/arm-none-eabi-gcc -c -o stm32f1xx_hal_rcc.o -IInc/ -IDrivers/STM32F1xx_HAL_Driver/Inc/ -ISrc/vl6180x/ -IDrivers/BSP/STM32F1xx_Nucleo/ -IDrivers/CMSIS/Device/ST/STM32F1xx/Include/ -IDrivers/CMSIS/Include/ -DSTM32F103xBt -ggdb -O0 -mlittle-endian --specs=rdimon.specs -mthumb -mcpu=cortex-m3 -mthumb-interwork -Wl,--gc-sections -lgcc -lc -lm -lrdimon Drivers/STM32F1xx_HAL_Driver/Src/stm32f1xx_hal_rcc.c
/local/sdk_elec/gcc-arm-none-eabi-5_2-2015q4/bin/arm-none-eabi-gcc -c -o stm32f1xx_hal_rcc_ex.o -IInc/ -IDrivers/STM32F1xx_HAL_Driver/Inc/ -ISrc/vl6180x/ -IDrivers/BSP/STM32F1xx_Nucleo/ -IDrivers/CMSIS/Device/ST/STM32F1xx/Include/ -IDrivers/CMSIS/Include/ -DSTM32F103xBt -ggdb -O0 -mlittle-endian --specs=rdimon.specs -mthumb -mcpu=cortex-m3 -mthumb-interwork -Wl,--gc-sections -lgcc -lc -lm -lrdimon Drivers/STM32F1xx_HAL_Driver/Src/stm32f1xx_hal_rcc_ex.c
/local/sdk_elec/gcc-arm-none-eabi-5_2-2015q4/bin/arm-none-eabi-gcc -c -o stm32f1xx_hal_rtc.o -IInc/ -IDrivers/STM32F1xx_HAL_Driver/Inc/ -ISrc/vl6180x/ -IDrivers/BSP/STM32F1xx_Nucleo/ -IDrivers/CMSIS/Device/ST/STM32F1xx/Include/ -IDrivers/CMSIS/Include/ -DSTM32F103xBt -ggdb -O0 -mlittle-endian --specs=rdimon.specs -mthumb -mcpu=cortex-m3 -mthumb-interwork -Wl,--gc-sections -lgcc -lc -lm -lrdimon Drivers/STM32F1xx_HAL_Driver/Src/stm32f1xx_hal_rtc.c
/local/sdk_elec/gcc-arm-none-eabi-5_2-2015q4/bin/arm-none-eabi-gcc -c -o stm32f1xx_hal_gpio.o -IInc/ -IDrivers/STM32F1xx_HAL_Driver/Inc/ -ISrc/vl6180x/ -IDrivers/BSP/STM32F1xx_Nucleo/ -IDrivers/CMSIS/Device/ST/STM32F1xx/Include/ -IDrivers/CMSIS/Include/ -DSTM32F103xBt -ggdb -O0 -mlittle-endian --specs=rdimon.specs -mthumb -mcpu=cortex-m3 -mthumb-interwork -Wl,--gc-sections -lgcc -lc -lm -lrdimon Drivers/STM32F1xx_HAL_Driver/Src/stm32f1xx_hal_gpio.c
/local/sdk_elec/gcc-arm-none-eabi-5_2-2015q4/bin/arm-none-eabi-gcc -c -o stm32f1xx_hal_cortex.o -IInc/ -IDrivers/STM32F1xx_HAL_Driver/Inc/ -ISrc/vl6180x/ -IDrivers/BSP/STM32F1xx_Nucleo/ -IDrivers/CMSIS/Device/ST/STM32F1xx/Include/ -IDrivers/CMSIS/Include/ -DSTM32F103xBt -ggdb -O0 -mlittle-endian --specs=rdimon.specs -mthumb -mcpu=cortex-m3 -mthumb-interwork -Wl,--gc-sections -lgcc -lc -lm -lrdimon Drivers/STM32F1xx_HAL_Driver/Src/stm32f1xx_hal_cortex.c
/local/sdk_elec/gcc-arm-none-eabi-5_2-2015q4/bin/arm-none-eabi-gcc -c -o stm32f1xx_hal_pcd.o -IInc/ -IDrivers/STM32F1xx_HAL_Driver/Inc/ -ISrc/vl6180x/ -IDrivers/BSP/STM32F1xx_Nucleo/ -IDrivers/CMSIS/Device/ST/STM32F1xx/Include/ -IDrivers/CMSIS/Include/ -DSTM32F103xBt -ggdb -O0 -mlittle-endian --specs=rdimon.specs -mthumb -mcpu=cortex-m3 -mthumb-interwork -Wl,--gc-sections -lgcc -lc -lm -lrdimon Drivers/STM32F1xx_HAL_Driver/Src/stm32f1xx_hal_pcd.c
/local/sdk_elec/gcc-arm-none-eabi-5_2-2015q4/bin/arm-none-eabi-gcc -c -o stm32f1xx_hal_pcd_ex.o -IInc/ -IDrivers/STM32F1xx_HAL_Driver/Inc/ -ISrc/vl6180x/ -IDrivers/BSP/STM32F1xx_Nucleo/ -IDrivers/CMSIS/Device/ST/STM32F1xx/Include/ -IDrivers/CMSIS/Include/ -DSTM32F103xBt -ggdb -O0 -mlittle-endian --specs=rdimon.specs -mthumb -mcpu=cortex-m3 -mthumb-interwork -Wl,--gc-sections -lgcc -lc -lm -lrdimon Drivers/STM32F1xx_HAL_Driver/Src/stm32f1xx_hal_pcd_ex.c
/local/sdk_elec/gcc-arm-none-eabi-5_2-2015q4/bin/arm-none-eabi-gcc -c -o stm32f1xx_hal_uart.o -IInc/ -IDrivers/STM32F1xx_HAL_Driver/Inc/ -ISrc/vl6180x/ -IDrivers/BSP/STM32F1xx_Nucleo/ -IDrivers/CMSIS/Device/ST/STM32F1xx/Include/ -IDrivers/CMSIS/Include/ -DSTM32F103xBt -ggdb -O0 -mlittle-endian --specs=rdimon.specs -mthumb -mcpu=cortex-m3 -mthumb-interwork -Wl,--gc-sections -lgcc -lc -lm -lrdimon Drivers/STM32F1xx_HAL_Driver/Src/stm32f1xx_hal_uart.c
/local/sdk_elec/gcc-arm-none-eabi-5_2-2015q4/bin/arm-none-eabi-gcc -c -o stm32f1xx_hal_usart.o -IInc/ -IDrivers/STM32F1xx_HAL_Driver/Inc/ -ISrc/vl6180x/ -IDrivers/BSP/STM32F1xx_Nucleo/ -IDrivers/CMSIS/Device/ST/STM32F1xx/Include/ -IDrivers/CMSIS/Include/ -DSTM32F103xBt -ggdb -O0 -mlittle-endian --specs=rdimon.specs -mthumb -mcpu=cortex-m3 -mthumb-interwork -Wl,--gc-sections -lgcc -lc -lm -lrdimon Drivers/STM32F1xx_HAL_Driver/Src/stm32f1xx_hal_usart.c
/local/sdk_elec/gcc-arm-none-eabi-5_2-2015q4/bin/arm-none-eabi-gcc -c -o stm32f1xx_hal_dma.o -IInc/ -IDrivers/STM32F1xx_HAL_Driver/Inc/ -ISrc/vl6180x/ -IDrivers/BSP/STM32F1xx_Nucleo/ -IDrivers/CMSIS/Device/ST/STM32F1xx/Include/ -IDrivers/CMSIS/Include/ -DSTM32F103xBt -ggdb -O0 -mlittle-endian --specs=rdimon.specs -mthumb -mcpu=cortex-m3 -mthumb-interwork -Wl,--gc-sections -lgcc -lc -lm -lrdimon Drivers/STM32F1xx_HAL_Driver/Src/stm32f1xx_hal_dma.c
/local/sdk_elec/gcc-arm-none-eabi-5_2-2015q4/bin/arm-none-eabi-gcc -c -o stm32f1xx_hal_adc.o -IInc/ -IDrivers/STM32F1xx_HAL_Driver/Inc/ -ISrc/vl6180x/ -IDrivers/BSP/STM32F1xx_Nucleo/ -IDrivers/CMSIS/Device/ST/STM32F1xx/Include/ -IDrivers/CMSIS/Include/ -DSTM32F103xBt -ggdb -O0 -mlittle-endian --specs=rdimon.specs -mthumb -mcpu=cortex-m3 -mthumb-interwork -Wl,--gc-sections -lgcc -lc -lm -lrdimon Drivers/STM32F1xx_HAL_Driver/Src/stm32f1xx_hal_adc.c
/local/sdk_elec/gcc-arm-none-eabi-5_2-2015q4/bin/arm-none-eabi-gcc -c -o stm32f1xx_hal_adc_ex.o -IInc/ -IDrivers/STM32F1xx_HAL_Driver/Inc/ -ISrc/vl6180x/ -IDrivers/BSP/STM32F1xx_Nucleo/ -IDrivers/CMSIS/Device/ST/STM32F1xx/Include/ -IDrivers/CMSIS/Include/ -DSTM32F103xBt -ggdb -O0 -mlittle-endian --specs=rdimon.specs -mthumb -mcpu=cortex-m3 -mthumb-interwork -Wl,--gc-sections -lgcc -lc -lm -lrdimon Drivers/STM32F1xx_HAL_Driver/Src/stm32f1xx_hal_adc_ex.c
/local/sdk_elec/gcc-arm-none-eabi-5_2-2015q4/bin/arm-none-eabi-gcc -c -o stm32f1xx_hal_spi.o -IInc/ -IDrivers/STM32F1xx_HAL_Driver/Inc/ -ISrc/vl6180x/ -IDrivers/BSP/STM32F1xx_Nucleo/ -IDrivers/CMSIS/Device/ST/STM32F1xx/Include/ -IDrivers/CMSIS/Include/ -DSTM32F103xBt -ggdb -O0 -mlittle-endian --specs=rdimon.specs -mthumb -mcpu=cortex-m3 -mthumb-interwork -Wl,--gc-sections -lgcc -lc -lm -lrdimon Drivers/STM32F1xx_HAL_Driver/Src/stm32f1xx_hal_spi.c
/local/sdk_elec/gcc-arm-none-eabi-5_2-2015q4/bin/arm-none-eabi-gcc -c -o stm32f1xx_hal_i2c.o -IInc/ -IDrivers/STM32F1xx_HAL_Driver/Inc/ -ISrc/vl6180x/ -IDrivers/BSP/STM32F1xx_Nucleo/ -IDrivers/CMSIS/Device/ST/STM32F1xx/Include/ -IDrivers/CMSIS/Include/ -DSTM32F103xBt -ggdb -O0 -mlittle-endian --specs=rdimon.specs -mthumb -mcpu=cortex-m3 -mthumb-interwork -Wl,--gc-sections -lgcc -lc -lm -lrdimon Drivers/STM32F1xx_HAL_Driver/Src/stm32f1xx_hal_i2c.c
/local/sdk_elec/gcc-arm-none-eabi-5_2-2015q4/bin/arm-none-eabi-gcc -c -o stm32f1xx_hal_tim.o -IInc/ -IDrivers/STM32F1xx_HAL_Driver/Inc/ -ISrc/vl6180x/ -IDrivers/BSP/STM32F1xx_Nucleo/ -IDrivers/CMSIS/Device/ST/STM32F1xx/Include/ -IDrivers/CMSIS/Include/ -DSTM32F103xBt -ggdb -O0 -mlittle-endian --specs=rdimon.specs -mthumb -mcpu=cortex-m3 -mthumb-interwork -Wl,--gc-sections -lgcc -lc -lm -lrdimon Drivers/STM32F1xx_HAL_Driver/Src/stm32f1xx_hal_tim.c
/local/sdk_elec/gcc-arm-none-eabi-5_2-2015q4/bin/arm-none-eabi-gcc -c -o stm32f1xx_hal_tim_ex.o -IInc/ -IDrivers/STM32F1xx_HAL_Driver/Inc/ -ISrc/vl6180x/ -IDrivers/BSP/STM32F1xx_Nucleo/ -IDrivers/CMSIS/Device/ST/STM32F1xx/Include/ -IDrivers/CMSIS/Include/ -DSTM32F103xBt -ggdb -O0 -mlittle-endian --specs=rdimon.specs -mthumb -mcpu=cortex-m3 -mthumb-interwork -Wl,--gc-sections -lgcc -lc -lm -lrdimon Drivers/STM32F1xx_HAL_Driver/Src/stm32f1xx_hal_tim_ex.c
/local/sdk_elec/gcc-arm-none-eabi-5_2-2015q4/bin/arm-none-eabi-gcc -c -o stm32f1xx_hal_can.o -IInc/ -IDrivers/STM32F1xx_HAL_Driver/Inc/ -ISrc/vl6180x/ -IDrivers/BSP/STM32F1xx_Nucleo/ -IDrivers/CMSIS/Device/ST/STM32F1xx/Include/ -IDrivers/CMSIS/Include/ -DSTM32F103xBt -ggdb -O0 -mlittle-endian --specs=rdimon.specs -mthumb -mcpu=cortex-m3 -mthumb-interwork -Wl,--gc-sections -lgcc -lc -lm -lrdimon Drivers/STM32F1xx_HAL_Driver/Src/stm32f1xx_hal_can.c
/local/sdk_elec/gcc-arm-none-eabi-5_2-2015q4/bin/arm-none-eabi-gcc -IInc/ -IDrivers/STM32F1xx_HAL_Driver/Inc/ -ISrc/vl6180x/ -IDrivers/BSP/STM32F1xx_Nucleo/ -IDrivers/CMSIS/Device/ST/STM32F1xx/Include/ -IDrivers/CMSIS/Include/ -DSTM32F103xBt -ggdb -O0 -mlittle-endian --specs=rdimon.specs -mthumb -mcpu=cortex-m3 -mthumb-interwork -Wl,--gc-sections -lgcc -lc -lm -lrdimon -Wall -Wextra -Warray-bounds -Wno-unused-parameter -TDevice/gcc.ld Src/main.c Device/startup_stm32f103xb.s Src/vl6180x/vl6180x_api.c Src/vl6180x/vl6180x_lib.c Src/vl6180x/x-nucleo-6180xa1.c Src/stm32f1xx_hal_msp.c Src/stm32f1xx_it.c Src/system_stm32f1xx.c Src/systemClock.c Src/drv_can.c Src/drv_spi.c Src/drv_uart.c Src/drv_i2c.c Src/anemo.c Src/mpu9250.c Src/tickTimer.c stm32f1xx_hal.o stm32f1xx_hal_rcc.o stm32f1xx_hal_rcc_ex.o stm32f1xx_hal_rtc.o stm32f1xx_hal_gpio.o stm32f1xx_hal_cortex.o stm32f1xx_hal_pcd.o stm32f1xx_hal_pcd_ex.o stm32f1xx_hal_uart.o stm32f1xx_hal_usart.o stm32f1xx_hal_dma.o stm32f1xx_hal_adc.o stm32f1xx_hal_adc_ex.o stm32f1xx_hal_spi.o stm32f1xx_hal_i2c.o stm32f1xx_hal_tim.o stm32f1xx_hal_tim_ex.o stm32f1xx_hal_can.o Drivers/BSP/STM32F1xx_Nucleo/stm32f1xx_nucleo.o -o template.elf
Src/vl6180x/vl6180x_api.c: In function '_DMax_Compute':
Src/vl6180x/vl6180x_api.c:2574:18: warning: comparison between signed and unsigned integer expressions [-Wsign-compare]
  if (rtnAmbRate  < rtnAmbLowLimit_KCps) {
                  ^
Src/vl6180x/vl6180x_lib.c: In function 'RangeState':
Src/vl6180x/vl6180x_lib.c:439:41: warning: comparison of unsigned expression >= 0 is always true [-Wtype-limits]
             if (g_TickCnt - TimeStarted >= ErrRangeDispTime &&  g_TickCnt - TimeStarted <  ErrRangeDispTime + DMaxDispTime ){
                                         ^
Src/vl6180x/vl6180x_lib.c:439:89: warning: comparison of unsigned expression < 0 is always false [-Wtype-limits]
             if (g_TickCnt - TimeStarted >= ErrRangeDispTime &&  g_TickCnt - TimeStarted <  ErrRangeDispTime + DMaxDispTime ){
                                                                                         ^
Src/vl6180x/vl6180x_lib.c:446:40: warning: comparison of unsigned expression < 0 is always false [-Wtype-limits]
             if(g_TickCnt - TimeStarted < ErrRangeDispTime  )
                                        ^
/local/sdk_elec/gcc-arm-none-eabi-5_2-2015q4/bin/arm-none-eabi-objcopy -O ihex template.elf   template.hex
/local/sdk_elec/gcc-arm-none-eabi-5_2-2015q4/bin/arm-none-eabi-objcopy -O binary template.elf template.bin
11:17:35 **** Incremental Build of configuration Default for project stm32-nucleo-f103rb_base ****
make all 
make: Rien à faire pour « all ».
11:18:06 **** Incremental Build of configuration Default for project stm32-nucleo-f103rb_base ****
make all 
make: Rien à faire pour « all ».
09:46:52 **** Incremental Build of configuration Default for project stm32-nucleo-f103rb_base ****
make all 
/local/sdk_elec/gcc-arm-none-eabi-5_2-2015q4/bin/arm-none-eabi-gcc -c -o stm32f1xx_hal.o -IInc/ -IDrivers/STM32F1xx_HAL_Driver/Inc/ -ISrc/vl6180x/ -IDrivers/BSP/STM32F1xx_Nucleo/ -IDrivers/CMSIS/Device/ST/STM32F1xx/Include/ -IDrivers/CMSIS/Include/ -DSTM32F103xBt -ggdb -O0 -mlittle-endian --specs=rdimon.specs -mthumb -mcpu=cortex-m3 -mthumb-interwork -Wl,--gc-sections -lgcc -lc -lm -lrdimon Drivers/STM32F1xx_HAL_Driver/Src/stm32f1xx_hal.c
/local/sdk_elec/gcc-arm-none-eabi-5_2-2015q4/bin/arm-none-eabi-gcc -c -o stm32f1xx_hal_rcc.o -IInc/ -IDrivers/STM32F1xx_HAL_Driver/Inc/ -ISrc/vl6180x/ -IDrivers/BSP/STM32F1xx_Nucleo/ -IDrivers/CMSIS/Device/ST/STM32F1xx/Include/ -IDrivers/CMSIS/Include/ -DSTM32F103xBt -ggdb -O0 -mlittle-endian --specs=rdimon.specs -mthumb -mcpu=cortex-m3 -mthumb-interwork -Wl,--gc-sections -lgcc -lc -lm -lrdimon Drivers/STM32F1xx_HAL_Driver/Src/stm32f1xx_hal_rcc.c
/local/sdk_elec/gcc-arm-none-eabi-5_2-2015q4/bin/arm-none-eabi-gcc -c -o stm32f1xx_hal_rcc_ex.o -IInc/ -IDrivers/STM32F1xx_HAL_Driver/Inc/ -ISrc/vl6180x/ -IDrivers/BSP/STM32F1xx_Nucleo/ -IDrivers/CMSIS/Device/ST/STM32F1xx/Include/ -IDrivers/CMSIS/Include/ -DSTM32F103xBt -ggdb -O0 -mlittle-endian --specs=rdimon.specs -mthumb -mcpu=cortex-m3 -mthumb-interwork -Wl,--gc-sections -lgcc -lc -lm -lrdimon Drivers/STM32F1xx_HAL_Driver/Src/stm32f1xx_hal_rcc_ex.c
/local/sdk_elec/gcc-arm-none-eabi-5_2-2015q4/bin/arm-none-eabi-gcc -c -o stm32f1xx_hal_rtc.o -IInc/ -IDrivers/STM32F1xx_HAL_Driver/Inc/ -ISrc/vl6180x/ -IDrivers/BSP/STM32F1xx_Nucleo/ -IDrivers/CMSIS/Device/ST/STM32F1xx/Include/ -IDrivers/CMSIS/Include/ -DSTM32F103xBt -ggdb -O0 -mlittle-endian --specs=rdimon.specs -mthumb -mcpu=cortex-m3 -mthumb-interwork -Wl,--gc-sections -lgcc -lc -lm -lrdimon Drivers/STM32F1xx_HAL_Driver/Src/stm32f1xx_hal_rtc.c
/local/sdk_elec/gcc-arm-none-eabi-5_2-2015q4/bin/arm-none-eabi-gcc -c -o stm32f1xx_hal_gpio.o -IInc/ -IDrivers/STM32F1xx_HAL_Driver/Inc/ -ISrc/vl6180x/ -IDrivers/BSP/STM32F1xx_Nucleo/ -IDrivers/CMSIS/Device/ST/STM32F1xx/Include/ -IDrivers/CMSIS/Include/ -DSTM32F103xBt -ggdb -O0 -mlittle-endian --specs=rdimon.specs -mthumb -mcpu=cortex-m3 -mthumb-interwork -Wl,--gc-sections -lgcc -lc -lm -lrdimon Drivers/STM32F1xx_HAL_Driver/Src/stm32f1xx_hal_gpio.c
/local/sdk_elec/gcc-arm-none-eabi-5_2-2015q4/bin/arm-none-eabi-gcc -c -o stm32f1xx_hal_cortex.o -IInc/ -IDrivers/STM32F1xx_HAL_Driver/Inc/ -ISrc/vl6180x/ -IDrivers/BSP/STM32F1xx_Nucleo/ -IDrivers/CMSIS/Device/ST/STM32F1xx/Include/ -IDrivers/CMSIS/Include/ -DSTM32F103xBt -ggdb -O0 -mlittle-endian --specs=rdimon.specs -mthumb -mcpu=cortex-m3 -mthumb-interwork -Wl,--gc-sections -lgcc -lc -lm -lrdimon Drivers/STM32F1xx_HAL_Driver/Src/stm32f1xx_hal_cortex.c
/local/sdk_elec/gcc-arm-none-eabi-5_2-2015q4/bin/arm-none-eabi-gcc -c -o stm32f1xx_hal_pcd.o -IInc/ -IDrivers/STM32F1xx_HAL_Driver/Inc/ -ISrc/vl6180x/ -IDrivers/BSP/STM32F1xx_Nucleo/ -IDrivers/CMSIS/Device/ST/STM32F1xx/Include/ -IDrivers/CMSIS/Include/ -DSTM32F103xBt -ggdb -O0 -mlittle-endian --specs=rdimon.specs -mthumb -mcpu=cortex-m3 -mthumb-interwork -Wl,--gc-sections -lgcc -lc -lm -lrdimon Drivers/STM32F1xx_HAL_Driver/Src/stm32f1xx_hal_pcd.c
/local/sdk_elec/gcc-arm-none-eabi-5_2-2015q4/bin/arm-none-eabi-gcc -c -o stm32f1xx_hal_pcd_ex.o -IInc/ -IDrivers/STM32F1xx_HAL_Driver/Inc/ -ISrc/vl6180x/ -IDrivers/BSP/STM32F1xx_Nucleo/ -IDrivers/CMSIS/Device/ST/STM32F1xx/Include/ -IDrivers/CMSIS/Include/ -DSTM32F103xBt -ggdb -O0 -mlittle-endian --specs=rdimon.specs -mthumb -mcpu=cortex-m3 -mthumb-interwork -Wl,--gc-sections -lgcc -lc -lm -lrdimon Drivers/STM32F1xx_HAL_Driver/Src/stm32f1xx_hal_pcd_ex.c
/local/sdk_elec/gcc-arm-none-eabi-5_2-2015q4/bin/arm-none-eabi-gcc -c -o stm32f1xx_hal_uart.o -IInc/ -IDrivers/STM32F1xx_HAL_Driver/Inc/ -ISrc/vl6180x/ -IDrivers/BSP/STM32F1xx_Nucleo/ -IDrivers/CMSIS/Device/ST/STM32F1xx/Include/ -IDrivers/CMSIS/Include/ -DSTM32F103xBt -ggdb -O0 -mlittle-endian --specs=rdimon.specs -mthumb -mcpu=cortex-m3 -mthumb-interwork -Wl,--gc-sections -lgcc -lc -lm -lrdimon Drivers/STM32F1xx_HAL_Driver/Src/stm32f1xx_hal_uart.c
/local/sdk_elec/gcc-arm-none-eabi-5_2-2015q4/bin/arm-none-eabi-gcc -c -o stm32f1xx_hal_usart.o -IInc/ -IDrivers/STM32F1xx_HAL_Driver/Inc/ -ISrc/vl6180x/ -IDrivers/BSP/STM32F1xx_Nucleo/ -IDrivers/CMSIS/Device/ST/STM32F1xx/Include/ -IDrivers/CMSIS/Include/ -DSTM32F103xBt -ggdb -O0 -mlittle-endian --specs=rdimon.specs -mthumb -mcpu=cortex-m3 -mthumb-interwork -Wl,--gc-sections -lgcc -lc -lm -lrdimon Drivers/STM32F1xx_HAL_Driver/Src/stm32f1xx_hal_usart.c
/local/sdk_elec/gcc-arm-none-eabi-5_2-2015q4/bin/arm-none-eabi-gcc -c -o stm32f1xx_hal_dma.o -IInc/ -IDrivers/STM32F1xx_HAL_Driver/Inc/ -ISrc/vl6180x/ -IDrivers/BSP/STM32F1xx_Nucleo/ -IDrivers/CMSIS/Device/ST/STM32F1xx/Include/ -IDrivers/CMSIS/Include/ -DSTM32F103xBt -ggdb -O0 -mlittle-endian --specs=rdimon.specs -mthumb -mcpu=cortex-m3 -mthumb-interwork -Wl,--gc-sections -lgcc -lc -lm -lrdimon Drivers/STM32F1xx_HAL_Driver/Src/stm32f1xx_hal_dma.c
/local/sdk_elec/gcc-arm-none-eabi-5_2-2015q4/bin/arm-none-eabi-gcc -c -o stm32f1xx_hal_adc.o -IInc/ -IDrivers/STM32F1xx_HAL_Driver/Inc/ -ISrc/vl6180x/ -IDrivers/BSP/STM32F1xx_Nucleo/ -IDrivers/CMSIS/Device/ST/STM32F1xx/Include/ -IDrivers/CMSIS/Include/ -DSTM32F103xBt -ggdb -O0 -mlittle-endian --specs=rdimon.specs -mthumb -mcpu=cortex-m3 -mthumb-interwork -Wl,--gc-sections -lgcc -lc -lm -lrdimon Drivers/STM32F1xx_HAL_Driver/Src/stm32f1xx_hal_adc.c
/local/sdk_elec/gcc-arm-none-eabi-5_2-2015q4/bin/arm-none-eabi-gcc -c -o stm32f1xx_hal_adc_ex.o -IInc/ -IDrivers/STM32F1xx_HAL_Driver/Inc/ -ISrc/vl6180x/ -IDrivers/BSP/STM32F1xx_Nucleo/ -IDrivers/CMSIS/Device/ST/STM32F1xx/Include/ -IDrivers/CMSIS/Include/ -DSTM32F103xBt -ggdb -O0 -mlittle-endian --specs=rdimon.specs -mthumb -mcpu=cortex-m3 -mthumb-interwork -Wl,--gc-sections -lgcc -lc -lm -lrdimon Drivers/STM32F1xx_HAL_Driver/Src/stm32f1xx_hal_adc_ex.c
/local/sdk_elec/gcc-arm-none-eabi-5_2-2015q4/bin/arm-none-eabi-gcc -c -o stm32f1xx_hal_spi.o -IInc/ -IDrivers/STM32F1xx_HAL_Driver/Inc/ -ISrc/vl6180x/ -IDrivers/BSP/STM32F1xx_Nucleo/ -IDrivers/CMSIS/Device/ST/STM32F1xx/Include/ -IDrivers/CMSIS/Include/ -DSTM32F103xBt -ggdb -O0 -mlittle-endian --specs=rdimon.specs -mthumb -mcpu=cortex-m3 -mthumb-interwork -Wl,--gc-sections -lgcc -lc -lm -lrdimon Drivers/STM32F1xx_HAL_Driver/Src/stm32f1xx_hal_spi.c
/local/sdk_elec/gcc-arm-none-eabi-5_2-2015q4/bin/arm-none-eabi-gcc -c -o stm32f1xx_hal_i2c.o -IInc/ -IDrivers/STM32F1xx_HAL_Driver/Inc/ -ISrc/vl6180x/ -IDrivers/BSP/STM32F1xx_Nucleo/ -IDrivers/CMSIS/Device/ST/STM32F1xx/Include/ -IDrivers/CMSIS/Include/ -DSTM32F103xBt -ggdb -O0 -mlittle-endian --specs=rdimon.specs -mthumb -mcpu=cortex-m3 -mthumb-interwork -Wl,--gc-sections -lgcc -lc -lm -lrdimon Drivers/STM32F1xx_HAL_Driver/Src/stm32f1xx_hal_i2c.c
/local/sdk_elec/gcc-arm-none-eabi-5_2-2015q4/bin/arm-none-eabi-gcc -c -o stm32f1xx_hal_tim.o -IInc/ -IDrivers/STM32F1xx_HAL_Driver/Inc/ -ISrc/vl6180x/ -IDrivers/BSP/STM32F1xx_Nucleo/ -IDrivers/CMSIS/Device/ST/STM32F1xx/Include/ -IDrivers/CMSIS/Include/ -DSTM32F103xBt -ggdb -O0 -mlittle-endian --specs=rdimon.specs -mthumb -mcpu=cortex-m3 -mthumb-interwork -Wl,--gc-sections -lgcc -lc -lm -lrdimon Drivers/STM32F1xx_HAL_Driver/Src/stm32f1xx_hal_tim.c
/local/sdk_elec/gcc-arm-none-eabi-5_2-2015q4/bin/arm-none-eabi-gcc -c -o stm32f1xx_hal_tim_ex.o -IInc/ -IDrivers/STM32F1xx_HAL_Driver/Inc/ -ISrc/vl6180x/ -IDrivers/BSP/STM32F1xx_Nucleo/ -IDrivers/CMSIS/Device/ST/STM32F1xx/Include/ -IDrivers/CMSIS/Include/ -DSTM32F103xBt -ggdb -O0 -mlittle-endian --specs=rdimon.specs -mthumb -mcpu=cortex-m3 -mthumb-interwork -Wl,--gc-sections -lgcc -lc -lm -lrdimon Drivers/STM32F1xx_HAL_Driver/Src/stm32f1xx_hal_tim_ex.c
/local/sdk_elec/gcc-arm-none-eabi-5_2-2015q4/bin/arm-none-eabi-gcc -c -o stm32f1xx_hal_can.o -IInc/ -IDrivers/STM32F1xx_HAL_Driver/Inc/ -ISrc/vl6180x/ -IDrivers/BSP/STM32F1xx_Nucleo/ -IDrivers/CMSIS/Device/ST/STM32F1xx/Include/ -IDrivers/CMSIS/Include/ -DSTM32F103xBt -ggdb -O0 -mlittle-endian --specs=rdimon.specs -mthumb -mcpu=cortex-m3 -mthumb-interwork -Wl,--gc-sections -lgcc -lc -lm -lrdimon Drivers/STM32F1xx_HAL_Driver/Src/stm32f1xx_hal_can.c
/local/sdk_elec/gcc-arm-none-eabi-5_2-2015q4/bin/arm-none-eabi-gcc -IInc/ -IDrivers/STM32F1xx_HAL_Driver/Inc/ -ISrc/vl6180x/ -IDrivers/BSP/STM32F1xx_Nucleo/ -IDrivers/CMSIS/Device/ST/STM32F1xx/Include/ -IDrivers/CMSIS/Include/ -DSTM32F103xBt -ggdb -O0 -mlittle-endian --specs=rdimon.specs -mthumb -mcpu=cortex-m3 -mthumb-interwork -Wl,--gc-sections -lgcc -lc -lm -lrdimon -Wall -Wextra -Warray-bounds -Wno-unused-parameter -TDevice/gcc.ld Src/main.c Device/startup_stm32f103xb.s Src/vl6180x/vl6180x_api.c Src/vl6180x/vl6180x_lib.c Src/vl6180x/x-nucleo-6180xa1.c Src/stm32f1xx_hal_msp.c Src/stm32f1xx_it.c Src/system_stm32f1xx.c Src/systemClock.c Src/drv_can.c Src/drv_spi.c Src/drv_uart.c Src/drv_i2c.c Src/anemo.c Src/mpu9250.c Src/tickTimer.c stm32f1xx_hal.o stm32f1xx_hal_rcc.o stm32f1xx_hal_rcc_ex.o stm32f1xx_hal_rtc.o stm32f1xx_hal_gpio.o stm32f1xx_hal_cortex.o stm32f1xx_hal_pcd.o stm32f1xx_hal_pcd_ex.o stm32f1xx_hal_uart.o stm32f1xx_hal_usart.o stm32f1xx_hal_dma.o stm32f1xx_hal_adc.o stm32f1xx_hal_adc_ex.o stm32f1xx_hal_spi.o stm32f1xx_hal_i2c.o stm32f1xx_hal_tim.o stm32f1xx_hal_tim_ex.o stm32f1xx_hal_can.o Drivers/BSP/STM32F1xx_Nucleo/stm32f1xx_nucleo.o -o template.elf
Src/vl6180x/vl6180x_api.c: In function '_DMax_Compute':
Src/vl6180x/vl6180x_api.c:2574:18: warning: comparison between signed and unsigned integer expressions [-Wsign-compare]
  if (rtnAmbRate  < rtnAmbLowLimit_KCps) {
                  ^
Src/vl6180x/vl6180x_lib.c: In function 'RangeState':
Src/vl6180x/vl6180x_lib.c:439:41: warning: comparison of unsigned expression >= 0 is always true [-Wtype-limits]
             if (g_TickCnt - TimeStarted >= ErrRangeDispTime &&  g_TickCnt - TimeStarted <  ErrRangeDispTime + DMaxDispTime ){
                                         ^
Src/vl6180x/vl6180x_lib.c:439:89: warning: comparison of unsigned expression < 0 is always false [-Wtype-limits]
             if (g_TickCnt - TimeStarted >= ErrRangeDispTime &&  g_TickCnt - TimeStarted <  ErrRangeDispTime + DMaxDispTime ){
                                                                                         ^
Src/vl6180x/vl6180x_lib.c:446:40: warning: comparison of unsigned expression < 0 is always false [-Wtype-limits]
             if(g_TickCnt - TimeStarted < ErrRangeDispTime  )
                                        ^
/local/sdk_elec/gcc-arm-none-eabi-5_2-2015q4/bin/arm-none-eabi-objcopy -O ihex template.elf   template.hex
/local/sdk_elec/gcc-arm-none-eabi-5_2-2015q4/bin/arm-none-eabi-objcopy -O binary template.elf template.bin
09:47:38 **** Incremental Build of configuration Default for project stm32-nucleo-f103rb_base ****
make all 
/local/sdk_elec/gcc-arm-none-eabi-5_2-2015q4/bin/arm-none-eabi-gcc -IInc/ -IDrivers/STM32F1xx_HAL_Driver/Inc/ -ISrc/vl6180x/ -IDrivers/BSP/STM32F1xx_Nucleo/ -IDrivers/CMSIS/Device/ST/STM32F1xx/Include/ -IDrivers/CMSIS/Include/ -DSTM32F103xBt -ggdb -O0 -mlittle-endian --specs=rdimon.specs -mthumb -mcpu=cortex-m3 -mthumb-interwork -Wl,--gc-sections -lgcc -lc -lm -lrdimon -Wall -Wextra -Warray-bounds -Wno-unused-parameter -TDevice/gcc.ld Src/main.c Device/startup_stm32f103xb.s Src/vl6180x/vl6180x_api.c Src/vl6180x/vl6180x_lib.c Src/vl6180x/x-nucleo-6180xa1.c Src/stm32f1xx_hal_msp.c Src/stm32f1xx_it.c Src/system_stm32f1xx.c Src/systemClock.c Src/drv_can.c Src/drv_spi.c Src/drv_uart.c Src/drv_i2c.c Src/anemo.c Src/mpu9250.c Src/tickTimer.c stm32f1xx_hal.o stm32f1xx_hal_rcc.o stm32f1xx_hal_rcc_ex.o stm32f1xx_hal_rtc.o stm32f1xx_hal_gpio.o stm32f1xx_hal_cortex.o stm32f1xx_hal_pcd.o stm32f1xx_hal_pcd_ex.o stm32f1xx_hal_uart.o stm32f1xx_hal_usart.o stm32f1xx_hal_dma.o stm32f1xx_hal_adc.o stm32f1xx_hal_adc_ex.o stm32f1xx_hal_spi.o stm32f1xx_hal_i2c.o stm32f1xx_hal_tim.o stm32f1xx_hal_tim_ex.o stm32f1xx_hal_can.o Drivers/BSP/STM32F1xx_Nucleo/stm32f1xx_nucleo.o -o template.elf
Src/vl6180x/vl6180x_api.c: In function '_DMax_Compute':
Src/vl6180x/vl6180x_api.c:2574:18: warning: comparison between signed and unsigned integer expressions [-Wsign-compare]
  if (rtnAmbRate  < rtnAmbLowLimit_KCps) {
                  ^
Src/vl6180x/vl6180x_lib.c: In function 'RangeState':
Src/vl6180x/vl6180x_lib.c:439:41: warning: comparison of unsigned expression >= 0 is always true [-Wtype-limits]
             if (g_TickCnt - TimeStarted >= ErrRangeDispTime &&  g_TickCnt - TimeStarted <  ErrRangeDispTime + DMaxDispTime ){
                                         ^
Src/vl6180x/vl6180x_lib.c:439:89: warning: comparison of unsigned expression < 0 is always false [-Wtype-limits]
             if (g_TickCnt - TimeStarted >= ErrRangeDispTime &&  g_TickCnt - TimeStarted <  ErrRangeDispTime + DMaxDispTime ){
                                                                                         ^
Src/vl6180x/vl6180x_lib.c:446:40: warning: comparison of unsigned expression < 0 is always false [-Wtype-limits]
             if(g_TickCnt - TimeStarted < ErrRangeDispTime  )
                                        ^
/local/sdk_elec/gcc-arm-none-eabi-5_2-2015q4/bin/arm-none-eabi-objcopy -O ihex template.elf   template.hex
/local/sdk_elec/gcc-arm-none-eabi-5_2-2015q4/bin/arm-none-eabi-objcopy -O binary template.elf template.bin
09:56:02 **** Incremental Build of configuration Default for project stm32-nucleo-f103rb_base ****
make all 
/local/sdk_elec/gcc-arm-none-eabi-5_2-2015q4/bin/arm-none-eabi-gcc -IInc/ -IDrivers/STM32F1xx_HAL_Driver/Inc/ -ISrc/vl6180x/ -IDrivers/BSP/STM32F1xx_Nucleo/ -IDrivers/CMSIS/Device/ST/STM32F1xx/Include/ -IDrivers/CMSIS/Include/ -DSTM32F103xBt -ggdb -O0 -mlittle-endian --specs=rdimon.specs -mthumb -mcpu=cortex-m3 -mthumb-interwork -Wl,--gc-sections -lgcc -lc -lm -lrdimon -Wall -Wextra -Warray-bounds -Wno-unused-parameter -TDevice/gcc.ld Src/main.c Device/startup_stm32f103xb.s Src/vl6180x/vl6180x_api.c Src/vl6180x/vl6180x_lib.c Src/vl6180x/x-nucleo-6180xa1.c Src/stm32f1xx_hal_msp.c Src/stm32f1xx_it.c Src/system_stm32f1xx.c Src/systemClock.c Src/drv_can.c Src/drv_spi.c Src/drv_uart.c Src/drv_i2c.c Src/anemo.c Src/mpu9250.c Src/tickTimer.c stm32f1xx_hal.o stm32f1xx_hal_rcc.o stm32f1xx_hal_rcc_ex.o stm32f1xx_hal_rtc.o stm32f1xx_hal_gpio.o stm32f1xx_hal_cortex.o stm32f1xx_hal_pcd.o stm32f1xx_hal_pcd_ex.o stm32f1xx_hal_uart.o stm32f1xx_hal_usart.o stm32f1xx_hal_dma.o stm32f1xx_hal_adc.o stm32f1xx_hal_adc_ex.o stm32f1xx_hal_spi.o stm32f1xx_hal_i2c.o stm32f1xx_hal_tim.o stm32f1xx_hal_tim_ex.o stm32f1xx_hal_can.o Drivers/BSP/STM32F1xx_Nucleo/stm32f1xx_nucleo.o -o template.elf
Src/vl6180x/vl6180x_api.c: In function '_DMax_Compute':
Src/vl6180x/vl6180x_api.c:2574:18: warning: comparison between signed and unsigned integer expressions [-Wsign-compare]
  if (rtnAmbRate  < rtnAmbLowLimit_KCps) {
                  ^
Src/vl6180x/vl6180x_lib.c: In function 'RangeState':
Src/vl6180x/vl6180x_lib.c:439:41: warning: comparison of unsigned expression >= 0 is always true [-Wtype-limits]
             if (g_TickCnt - TimeStarted >= ErrRangeDispTime &&  g_TickCnt - TimeStarted <  ErrRangeDispTime + DMaxDispTime ){
                                         ^
Src/vl6180x/vl6180x_lib.c:439:89: warning: comparison of unsigned expression < 0 is always false [-Wtype-limits]
             if (g_TickCnt - TimeStarted >= ErrRangeDispTime &&  g_TickCnt - TimeStarted <  ErrRangeDispTime + DMaxDispTime ){
                                                                                         ^
Src/vl6180x/vl6180x_lib.c:446:40: warning: comparison of unsigned expression < 0 is always false [-Wtype-limits]
             if(g_TickCnt - TimeStarted < ErrRangeDispTime  )
                                        ^
Src/anemo.c: In function 'anemo_ResetCount':
Src/anemo.c:47:1: warning: control reaches end of non-void function [-Wreturn-type]
 }
 ^
/local/sdk_elec/gcc-arm-none-eabi-5_2-2015q4/bin/arm-none-eabi-objcopy -O ihex template.elf   template.hex
/local/sdk_elec/gcc-arm-none-eabi-5_2-2015q4/bin/arm-none-eabi-objcopy -O binary template.elf template.bin
09:56:14 **** Clean-only build of configuration Default for project stm32-nucleo-f103rb_base ****
make clean 
rm -f *.o template.elf template.hex template.bin
09:56:17 **** Build of configuration Default for project stm32-nucleo-f103rb_base ****
make all 
/local/sdk_elec/gcc-arm-none-eabi-5_2-2015q4/bin/arm-none-eabi-gcc -c -o stm32f1xx_hal.o -IInc/ -IDrivers/STM32F1xx_HAL_Driver/Inc/ -ISrc/vl6180x/ -IDrivers/BSP/STM32F1xx_Nucleo/ -IDrivers/CMSIS/Device/ST/STM32F1xx/Include/ -IDrivers/CMSIS/Include/ -DSTM32F103xBt -ggdb -O0 -mlittle-endian --specs=rdimon.specs -mthumb -mcpu=cortex-m3 -mthumb-interwork -Wl,--gc-sections -lgcc -lc -lm -lrdimon Drivers/STM32F1xx_HAL_Driver/Src/stm32f1xx_hal.c
/local/sdk_elec/gcc-arm-none-eabi-5_2-2015q4/bin/arm-none-eabi-gcc -c -o stm32f1xx_hal_rcc.o -IInc/ -IDrivers/STM32F1xx_HAL_Driver/Inc/ -ISrc/vl6180x/ -IDrivers/BSP/STM32F1xx_Nucleo/ -IDrivers/CMSIS/Device/ST/STM32F1xx/Include/ -IDrivers/CMSIS/Include/ -DSTM32F103xBt -ggdb -O0 -mlittle-endian --specs=rdimon.specs -mthumb -mcpu=cortex-m3 -mthumb-interwork -Wl,--gc-sections -lgcc -lc -lm -lrdimon Drivers/STM32F1xx_HAL_Driver/Src/stm32f1xx_hal_rcc.c
/local/sdk_elec/gcc-arm-none-eabi-5_2-2015q4/bin/arm-none-eabi-gcc -c -o stm32f1xx_hal_rcc_ex.o -IInc/ -IDrivers/STM32F1xx_HAL_Driver/Inc/ -ISrc/vl6180x/ -IDrivers/BSP/STM32F1xx_Nucleo/ -IDrivers/CMSIS/Device/ST/STM32F1xx/Include/ -IDrivers/CMSIS/Include/ -DSTM32F103xBt -ggdb -O0 -mlittle-endian --specs=rdimon.specs -mthumb -mcpu=cortex-m3 -mthumb-interwork -Wl,--gc-sections -lgcc -lc -lm -lrdimon Drivers/STM32F1xx_HAL_Driver/Src/stm32f1xx_hal_rcc_ex.c
/local/sdk_elec/gcc-arm-none-eabi-5_2-2015q4/bin/arm-none-eabi-gcc -c -o stm32f1xx_hal_rtc.o -IInc/ -IDrivers/STM32F1xx_HAL_Driver/Inc/ -ISrc/vl6180x/ -IDrivers/BSP/STM32F1xx_Nucleo/ -IDrivers/CMSIS/Device/ST/STM32F1xx/Include/ -IDrivers/CMSIS/Include/ -DSTM32F103xBt -ggdb -O0 -mlittle-endian --specs=rdimon.specs -mthumb -mcpu=cortex-m3 -mthumb-interwork -Wl,--gc-sections -lgcc -lc -lm -lrdimon Drivers/STM32F1xx_HAL_Driver/Src/stm32f1xx_hal_rtc.c
/local/sdk_elec/gcc-arm-none-eabi-5_2-2015q4/bin/arm-none-eabi-gcc -c -o stm32f1xx_hal_gpio.o -IInc/ -IDrivers/STM32F1xx_HAL_Driver/Inc/ -ISrc/vl6180x/ -IDrivers/BSP/STM32F1xx_Nucleo/ -IDrivers/CMSIS/Device/ST/STM32F1xx/Include/ -IDrivers/CMSIS/Include/ -DSTM32F103xBt -ggdb -O0 -mlittle-endian --specs=rdimon.specs -mthumb -mcpu=cortex-m3 -mthumb-interwork -Wl,--gc-sections -lgcc -lc -lm -lrdimon Drivers/STM32F1xx_HAL_Driver/Src/stm32f1xx_hal_gpio.c
/local/sdk_elec/gcc-arm-none-eabi-5_2-2015q4/bin/arm-none-eabi-gcc -c -o stm32f1xx_hal_cortex.o -IInc/ -IDrivers/STM32F1xx_HAL_Driver/Inc/ -ISrc/vl6180x/ -IDrivers/BSP/STM32F1xx_Nucleo/ -IDrivers/CMSIS/Device/ST/STM32F1xx/Include/ -IDrivers/CMSIS/Include/ -DSTM32F103xBt -ggdb -O0 -mlittle-endian --specs=rdimon.specs -mthumb -mcpu=cortex-m3 -mthumb-interwork -Wl,--gc-sections -lgcc -lc -lm -lrdimon Drivers/STM32F1xx_HAL_Driver/Src/stm32f1xx_hal_cortex.c
/local/sdk_elec/gcc-arm-none-eabi-5_2-2015q4/bin/arm-none-eabi-gcc -c -o stm32f1xx_hal_pcd.o -IInc/ -IDrivers/STM32F1xx_HAL_Driver/Inc/ -ISrc/vl6180x/ -IDrivers/BSP/STM32F1xx_Nucleo/ -IDrivers/CMSIS/Device/ST/STM32F1xx/Include/ -IDrivers/CMSIS/Include/ -DSTM32F103xBt -ggdb -O0 -mlittle-endian --specs=rdimon.specs -mthumb -mcpu=cortex-m3 -mthumb-interwork -Wl,--gc-sections -lgcc -lc -lm -lrdimon Drivers/STM32F1xx_HAL_Driver/Src/stm32f1xx_hal_pcd.c
/local/sdk_elec/gcc-arm-none-eabi-5_2-2015q4/bin/arm-none-eabi-gcc -c -o stm32f1xx_hal_pcd_ex.o -IInc/ -IDrivers/STM32F1xx_HAL_Driver/Inc/ -ISrc/vl6180x/ -IDrivers/BSP/STM32F1xx_Nucleo/ -IDrivers/CMSIS/Device/ST/STM32F1xx/Include/ -IDrivers/CMSIS/Include/ -DSTM32F103xBt -ggdb -O0 -mlittle-endian --specs=rdimon.specs -mthumb -mcpu=cortex-m3 -mthumb-interwork -Wl,--gc-sections -lgcc -lc -lm -lrdimon Drivers/STM32F1xx_HAL_Driver/Src/stm32f1xx_hal_pcd_ex.c
/local/sdk_elec/gcc-arm-none-eabi-5_2-2015q4/bin/arm-none-eabi-gcc -c -o stm32f1xx_hal_uart.o -IInc/ -IDrivers/STM32F1xx_HAL_Driver/Inc/ -ISrc/vl6180x/ -IDrivers/BSP/STM32F1xx_Nucleo/ -IDrivers/CMSIS/Device/ST/STM32F1xx/Include/ -IDrivers/CMSIS/Include/ -DSTM32F103xBt -ggdb -O0 -mlittle-endian --specs=rdimon.specs -mthumb -mcpu=cortex-m3 -mthumb-interwork -Wl,--gc-sections -lgcc -lc -lm -lrdimon Drivers/STM32F1xx_HAL_Driver/Src/stm32f1xx_hal_uart.c
/local/sdk_elec/gcc-arm-none-eabi-5_2-2015q4/bin/arm-none-eabi-gcc -c -o stm32f1xx_hal_usart.o -IInc/ -IDrivers/STM32F1xx_HAL_Driver/Inc/ -ISrc/vl6180x/ -IDrivers/BSP/STM32F1xx_Nucleo/ -IDrivers/CMSIS/Device/ST/STM32F1xx/Include/ -IDrivers/CMSIS/Include/ -DSTM32F103xBt -ggdb -O0 -mlittle-endian --specs=rdimon.specs -mthumb -mcpu=cortex-m3 -mthumb-interwork -Wl,--gc-sections -lgcc -lc -lm -lrdimon Drivers/STM32F1xx_HAL_Driver/Src/stm32f1xx_hal_usart.c
/local/sdk_elec/gcc-arm-none-eabi-5_2-2015q4/bin/arm-none-eabi-gcc -c -o stm32f1xx_hal_dma.o -IInc/ -IDrivers/STM32F1xx_HAL_Driver/Inc/ -ISrc/vl6180x/ -IDrivers/BSP/STM32F1xx_Nucleo/ -IDrivers/CMSIS/Device/ST/STM32F1xx/Include/ -IDrivers/CMSIS/Include/ -DSTM32F103xBt -ggdb -O0 -mlittle-endian --specs=rdimon.specs -mthumb -mcpu=cortex-m3 -mthumb-interwork -Wl,--gc-sections -lgcc -lc -lm -lrdimon Drivers/STM32F1xx_HAL_Driver/Src/stm32f1xx_hal_dma.c
/local/sdk_elec/gcc-arm-none-eabi-5_2-2015q4/bin/arm-none-eabi-gcc -c -o stm32f1xx_hal_adc.o -IInc/ -IDrivers/STM32F1xx_HAL_Driver/Inc/ -ISrc/vl6180x/ -IDrivers/BSP/STM32F1xx_Nucleo/ -IDrivers/CMSIS/Device/ST/STM32F1xx/Include/ -IDrivers/CMSIS/Include/ -DSTM32F103xBt -ggdb -O0 -mlittle-endian --specs=rdimon.specs -mthumb -mcpu=cortex-m3 -mthumb-interwork -Wl,--gc-sections -lgcc -lc -lm -lrdimon Drivers/STM32F1xx_HAL_Driver/Src/stm32f1xx_hal_adc.c
/local/sdk_elec/gcc-arm-none-eabi-5_2-2015q4/bin/arm-none-eabi-gcc -c -o stm32f1xx_hal_adc_ex.o -IInc/ -IDrivers/STM32F1xx_HAL_Driver/Inc/ -ISrc/vl6180x/ -IDrivers/BSP/STM32F1xx_Nucleo/ -IDrivers/CMSIS/Device/ST/STM32F1xx/Include/ -IDrivers/CMSIS/Include/ -DSTM32F103xBt -ggdb -O0 -mlittle-endian --specs=rdimon.specs -mthumb -mcpu=cortex-m3 -mthumb-interwork -Wl,--gc-sections -lgcc -lc -lm -lrdimon Drivers/STM32F1xx_HAL_Driver/Src/stm32f1xx_hal_adc_ex.c
/local/sdk_elec/gcc-arm-none-eabi-5_2-2015q4/bin/arm-none-eabi-gcc -c -o stm32f1xx_hal_spi.o -IInc/ -IDrivers/STM32F1xx_HAL_Driver/Inc/ -ISrc/vl6180x/ -IDrivers/BSP/STM32F1xx_Nucleo/ -IDrivers/CMSIS/Device/ST/STM32F1xx/Include/ -IDrivers/CMSIS/Include/ -DSTM32F103xBt -ggdb -O0 -mlittle-endian --specs=rdimon.specs -mthumb -mcpu=cortex-m3 -mthumb-interwork -Wl,--gc-sections -lgcc -lc -lm -lrdimon Drivers/STM32F1xx_HAL_Driver/Src/stm32f1xx_hal_spi.c
/local/sdk_elec/gcc-arm-none-eabi-5_2-2015q4/bin/arm-none-eabi-gcc -c -o stm32f1xx_hal_i2c.o -IInc/ -IDrivers/STM32F1xx_HAL_Driver/Inc/ -ISrc/vl6180x/ -IDrivers/BSP/STM32F1xx_Nucleo/ -IDrivers/CMSIS/Device/ST/STM32F1xx/Include/ -IDrivers/CMSIS/Include/ -DSTM32F103xBt -ggdb -O0 -mlittle-endian --specs=rdimon.specs -mthumb -mcpu=cortex-m3 -mthumb-interwork -Wl,--gc-sections -lgcc -lc -lm -lrdimon Drivers/STM32F1xx_HAL_Driver/Src/stm32f1xx_hal_i2c.c
/local/sdk_elec/gcc-arm-none-eabi-5_2-2015q4/bin/arm-none-eabi-gcc -c -o stm32f1xx_hal_tim.o -IInc/ -IDrivers/STM32F1xx_HAL_Driver/Inc/ -ISrc/vl6180x/ -IDrivers/BSP/STM32F1xx_Nucleo/ -IDrivers/CMSIS/Device/ST/STM32F1xx/Include/ -IDrivers/CMSIS/Include/ -DSTM32F103xBt -ggdb -O0 -mlittle-endian --specs=rdimon.specs -mthumb -mcpu=cortex-m3 -mthumb-interwork -Wl,--gc-sections -lgcc -lc -lm -lrdimon Drivers/STM32F1xx_HAL_Driver/Src/stm32f1xx_hal_tim.c
/local/sdk_elec/gcc-arm-none-eabi-5_2-2015q4/bin/arm-none-eabi-gcc -c -o stm32f1xx_hal_tim_ex.o -IInc/ -IDrivers/STM32F1xx_HAL_Driver/Inc/ -ISrc/vl6180x/ -IDrivers/BSP/STM32F1xx_Nucleo/ -IDrivers/CMSIS/Device/ST/STM32F1xx/Include/ -IDrivers/CMSIS/Include/ -DSTM32F103xBt -ggdb -O0 -mlittle-endian --specs=rdimon.specs -mthumb -mcpu=cortex-m3 -mthumb-interwork -Wl,--gc-sections -lgcc -lc -lm -lrdimon Drivers/STM32F1xx_HAL_Driver/Src/stm32f1xx_hal_tim_ex.c
/local/sdk_elec/gcc-arm-none-eabi-5_2-2015q4/bin/arm-none-eabi-gcc -c -o stm32f1xx_hal_can.o -IInc/ -IDrivers/STM32F1xx_HAL_Driver/Inc/ -ISrc/vl6180x/ -IDrivers/BSP/STM32F1xx_Nucleo/ -IDrivers/CMSIS/Device/ST/STM32F1xx/Include/ -IDrivers/CMSIS/Include/ -DSTM32F103xBt -ggdb -O0 -mlittle-endian --specs=rdimon.specs -mthumb -mcpu=cortex-m3 -mthumb-interwork -Wl,--gc-sections -lgcc -lc -lm -lrdimon Drivers/STM32F1xx_HAL_Driver/Src/stm32f1xx_hal_can.c
/local/sdk_elec/gcc-arm-none-eabi-5_2-2015q4/bin/arm-none-eabi-gcc -IInc/ -IDrivers/STM32F1xx_HAL_Driver/Inc/ -ISrc/vl6180x/ -IDrivers/BSP/STM32F1xx_Nucleo/ -IDrivers/CMSIS/Device/ST/STM32F1xx/Include/ -IDrivers/CMSIS/Include/ -DSTM32F103xBt -ggdb -O0 -mlittle-endian --specs=rdimon.specs -mthumb -mcpu=cortex-m3 -mthumb-interwork -Wl,--gc-sections -lgcc -lc -lm -lrdimon -Wall -Wextra -Warray-bounds -Wno-unused-parameter -TDevice/gcc.ld Src/main.c Device/startup_stm32f103xb.s Src/vl6180x/vl6180x_api.c Src/vl6180x/vl6180x_lib.c Src/vl6180x/x-nucleo-6180xa1.c Src/stm32f1xx_hal_msp.c Src/stm32f1xx_it.c Src/system_stm32f1xx.c Src/systemClock.c Src/drv_can.c Src/drv_spi.c Src/drv_uart.c Src/drv_i2c.c Src/anemo.c Src/mpu9250.c Src/tickTimer.c stm32f1xx_hal.o stm32f1xx_hal_rcc.o stm32f1xx_hal_rcc_ex.o stm32f1xx_hal_rtc.o stm32f1xx_hal_gpio.o stm32f1xx_hal_cortex.o stm32f1xx_hal_pcd.o stm32f1xx_hal_pcd_ex.o stm32f1xx_hal_uart.o stm32f1xx_hal_usart.o stm32f1xx_hal_dma.o stm32f1xx_hal_adc.o stm32f1xx_hal_adc_ex.o stm32f1xx_hal_spi.o stm32f1xx_hal_i2c.o stm32f1xx_hal_tim.o stm32f1xx_hal_tim_ex.o stm32f1xx_hal_can.o Drivers/BSP/STM32F1xx_Nucleo/stm32f1xx_nucleo.o -o template.elf
Src/vl6180x/vl6180x_api.c: In function '_DMax_Compute':
Src/vl6180x/vl6180x_api.c:2574:18: warning: comparison between signed and unsigned integer expressions [-Wsign-compare]
  if (rtnAmbRate  < rtnAmbLowLimit_KCps) {
                  ^
Src/vl6180x/vl6180x_lib.c: In function 'RangeState':
Src/vl6180x/vl6180x_lib.c:439:41: warning: comparison of unsigned expression >= 0 is always true [-Wtype-limits]
             if (g_TickCnt - TimeStarted >= ErrRangeDispTime &&  g_TickCnt - TimeStarted <  ErrRangeDispTime + DMaxDispTime ){
                                         ^
Src/vl6180x/vl6180x_lib.c:439:89: warning: comparison of unsigned expression < 0 is always false [-Wtype-limits]
             if (g_TickCnt - TimeStarted >= ErrRangeDispTime &&  g_TickCnt - TimeStarted <  ErrRangeDispTime + DMaxDispTime ){
                                                                                         ^
Src/vl6180x/vl6180x_lib.c:446:40: warning: comparison of unsigned expression < 0 is always false [-Wtype-limits]
             if(g_TickCnt - TimeStarted < ErrRangeDispTime  )
                                        ^
Src/anemo.c: In function 'anemo_ResetCount':
Src/anemo.c:47:1: warning: control reaches end of non-void function [-Wreturn-type]
 }
 ^
/local/sdk_elec/gcc-arm-none-eabi-5_2-2015q4/bin/arm-none-eabi-objcopy -O ihex template.elf   template.hex
/local/sdk_elec/gcc-arm-none-eabi-5_2-2015q4/bin/arm-none-eabi-objcopy -O binary template.elf template.bin
12:17:01 **** Clean-only build of configuration Default for project stm32-nucleo-f103rb_base ****
make clean 
rm -f *.o template.elf template.hex template.bin
12:17:05 **** Build of configuration Default for project stm32-nucleo-f103rb_base ****
make all 
/local/sdk_elec/gcc-arm-none-eabi-5_2-2015q4/bin/arm-none-eabi-gcc -c -o stm32f1xx_hal.o -IInc/ -IDrivers/STM32F1xx_HAL_Driver/Inc/ -ISrc/vl6180x/ -IDrivers/BSP/STM32F1xx_Nucleo/ -IDrivers/CMSIS/Device/ST/STM32F1xx/Include/ -IDrivers/CMSIS/Include/ -DSTM32F103xBt -ggdb -O0 -mlittle-endian --specs=rdimon.specs -mthumb -mcpu=cortex-m3 -mthumb-interwork -Wl,--gc-sections -lgcc -lc -lm -lrdimon Drivers/STM32F1xx_HAL_Driver/Src/stm32f1xx_hal.c
/local/sdk_elec/gcc-arm-none-eabi-5_2-2015q4/bin/arm-none-eabi-gcc -c -o stm32f1xx_hal_rcc.o -IInc/ -IDrivers/STM32F1xx_HAL_Driver/Inc/ -ISrc/vl6180x/ -IDrivers/BSP/STM32F1xx_Nucleo/ -IDrivers/CMSIS/Device/ST/STM32F1xx/Include/ -IDrivers/CMSIS/Include/ -DSTM32F103xBt -ggdb -O0 -mlittle-endian --specs=rdimon.specs -mthumb -mcpu=cortex-m3 -mthumb-interwork -Wl,--gc-sections -lgcc -lc -lm -lrdimon Drivers/STM32F1xx_HAL_Driver/Src/stm32f1xx_hal_rcc.c
/local/sdk_elec/gcc-arm-none-eabi-5_2-2015q4/bin/arm-none-eabi-gcc -c -o stm32f1xx_hal_rcc_ex.o -IInc/ -IDrivers/STM32F1xx_HAL_Driver/Inc/ -ISrc/vl6180x/ -IDrivers/BSP/STM32F1xx_Nucleo/ -IDrivers/CMSIS/Device/ST/STM32F1xx/Include/ -IDrivers/CMSIS/Include/ -DSTM32F103xBt -ggdb -O0 -mlittle-endian --specs=rdimon.specs -mthumb -mcpu=cortex-m3 -mthumb-interwork -Wl,--gc-sections -lgcc -lc -lm -lrdimon Drivers/STM32F1xx_HAL_Driver/Src/stm32f1xx_hal_rcc_ex.c
/local/sdk_elec/gcc-arm-none-eabi-5_2-2015q4/bin/arm-none-eabi-gcc -c -o stm32f1xx_hal_rtc.o -IInc/ -IDrivers/STM32F1xx_HAL_Driver/Inc/ -ISrc/vl6180x/ -IDrivers/BSP/STM32F1xx_Nucleo/ -IDrivers/CMSIS/Device/ST/STM32F1xx/Include/ -IDrivers/CMSIS/Include/ -DSTM32F103xBt -ggdb -O0 -mlittle-endian --specs=rdimon.specs -mthumb -mcpu=cortex-m3 -mthumb-interwork -Wl,--gc-sections -lgcc -lc -lm -lrdimon Drivers/STM32F1xx_HAL_Driver/Src/stm32f1xx_hal_rtc.c
/local/sdk_elec/gcc-arm-none-eabi-5_2-2015q4/bin/arm-none-eabi-gcc -c -o stm32f1xx_hal_gpio.o -IInc/ -IDrivers/STM32F1xx_HAL_Driver/Inc/ -ISrc/vl6180x/ -IDrivers/BSP/STM32F1xx_Nucleo/ -IDrivers/CMSIS/Device/ST/STM32F1xx/Include/ -IDrivers/CMSIS/Include/ -DSTM32F103xBt -ggdb -O0 -mlittle-endian --specs=rdimon.specs -mthumb -mcpu=cortex-m3 -mthumb-interwork -Wl,--gc-sections -lgcc -lc -lm -lrdimon Drivers/STM32F1xx_HAL_Driver/Src/stm32f1xx_hal_gpio.c
/local/sdk_elec/gcc-arm-none-eabi-5_2-2015q4/bin/arm-none-eabi-gcc -c -o stm32f1xx_hal_cortex.o -IInc/ -IDrivers/STM32F1xx_HAL_Driver/Inc/ -ISrc/vl6180x/ -IDrivers/BSP/STM32F1xx_Nucleo/ -IDrivers/CMSIS/Device/ST/STM32F1xx/Include/ -IDrivers/CMSIS/Include/ -DSTM32F103xBt -ggdb -O0 -mlittle-endian --specs=rdimon.specs -mthumb -mcpu=cortex-m3 -mthumb-interwork -Wl,--gc-sections -lgcc -lc -lm -lrdimon Drivers/STM32F1xx_HAL_Driver/Src/stm32f1xx_hal_cortex.c
/local/sdk_elec/gcc-arm-none-eabi-5_2-2015q4/bin/arm-none-eabi-gcc -c -o stm32f1xx_hal_pcd.o -IInc/ -IDrivers/STM32F1xx_HAL_Driver/Inc/ -ISrc/vl6180x/ -IDrivers/BSP/STM32F1xx_Nucleo/ -IDrivers/CMSIS/Device/ST/STM32F1xx/Include/ -IDrivers/CMSIS/Include/ -DSTM32F103xBt -ggdb -O0 -mlittle-endian --specs=rdimon.specs -mthumb -mcpu=cortex-m3 -mthumb-interwork -Wl,--gc-sections -lgcc -lc -lm -lrdimon Drivers/STM32F1xx_HAL_Driver/Src/stm32f1xx_hal_pcd.c
/local/sdk_elec/gcc-arm-none-eabi-5_2-2015q4/bin/arm-none-eabi-gcc -c -o stm32f1xx_hal_pcd_ex.o -IInc/ -IDrivers/STM32F1xx_HAL_Driver/Inc/ -ISrc/vl6180x/ -IDrivers/BSP/STM32F1xx_Nucleo/ -IDrivers/CMSIS/Device/ST/STM32F1xx/Include/ -IDrivers/CMSIS/Include/ -DSTM32F103xBt -ggdb -O0 -mlittle-endian --specs=rdimon.specs -mthumb -mcpu=cortex-m3 -mthumb-interwork -Wl,--gc-sections -lgcc -lc -lm -lrdimon Drivers/STM32F1xx_HAL_Driver/Src/stm32f1xx_hal_pcd_ex.c
/local/sdk_elec/gcc-arm-none-eabi-5_2-2015q4/bin/arm-none-eabi-gcc -c -o stm32f1xx_hal_uart.o -IInc/ -IDrivers/STM32F1xx_HAL_Driver/Inc/ -ISrc/vl6180x/ -IDrivers/BSP/STM32F1xx_Nucleo/ -IDrivers/CMSIS/Device/ST/STM32F1xx/Include/ -IDrivers/CMSIS/Include/ -DSTM32F103xBt -ggdb -O0 -mlittle-endian --specs=rdimon.specs -mthumb -mcpu=cortex-m3 -mthumb-interwork -Wl,--gc-sections -lgcc -lc -lm -lrdimon Drivers/STM32F1xx_HAL_Driver/Src/stm32f1xx_hal_uart.c
/local/sdk_elec/gcc-arm-none-eabi-5_2-2015q4/bin/arm-none-eabi-gcc -c -o stm32f1xx_hal_usart.o -IInc/ -IDrivers/STM32F1xx_HAL_Driver/Inc/ -ISrc/vl6180x/ -IDrivers/BSP/STM32F1xx_Nucleo/ -IDrivers/CMSIS/Device/ST/STM32F1xx/Include/ -IDrivers/CMSIS/Include/ -DSTM32F103xBt -ggdb -O0 -mlittle-endian --specs=rdimon.specs -mthumb -mcpu=cortex-m3 -mthumb-interwork -Wl,--gc-sections -lgcc -lc -lm -lrdimon Drivers/STM32F1xx_HAL_Driver/Src/stm32f1xx_hal_usart.c
/local/sdk_elec/gcc-arm-none-eabi-5_2-2015q4/bin/arm-none-eabi-gcc -c -o stm32f1xx_hal_dma.o -IInc/ -IDrivers/STM32F1xx_HAL_Driver/Inc/ -ISrc/vl6180x/ -IDrivers/BSP/STM32F1xx_Nucleo/ -IDrivers/CMSIS/Device/ST/STM32F1xx/Include/ -IDrivers/CMSIS/Include/ -DSTM32F103xBt -ggdb -O0 -mlittle-endian --specs=rdimon.specs -mthumb -mcpu=cortex-m3 -mthumb-interwork -Wl,--gc-sections -lgcc -lc -lm -lrdimon Drivers/STM32F1xx_HAL_Driver/Src/stm32f1xx_hal_dma.c
/local/sdk_elec/gcc-arm-none-eabi-5_2-2015q4/bin/arm-none-eabi-gcc -c -o stm32f1xx_hal_adc.o -IInc/ -IDrivers/STM32F1xx_HAL_Driver/Inc/ -ISrc/vl6180x/ -IDrivers/BSP/STM32F1xx_Nucleo/ -IDrivers/CMSIS/Device/ST/STM32F1xx/Include/ -IDrivers/CMSIS/Include/ -DSTM32F103xBt -ggdb -O0 -mlittle-endian --specs=rdimon.specs -mthumb -mcpu=cortex-m3 -mthumb-interwork -Wl,--gc-sections -lgcc -lc -lm -lrdimon Drivers/STM32F1xx_HAL_Driver/Src/stm32f1xx_hal_adc.c
/local/sdk_elec/gcc-arm-none-eabi-5_2-2015q4/bin/arm-none-eabi-gcc -c -o stm32f1xx_hal_adc_ex.o -IInc/ -IDrivers/STM32F1xx_HAL_Driver/Inc/ -ISrc/vl6180x/ -IDrivers/BSP/STM32F1xx_Nucleo/ -IDrivers/CMSIS/Device/ST/STM32F1xx/Include/ -IDrivers/CMSIS/Include/ -DSTM32F103xBt -ggdb -O0 -mlittle-endian --specs=rdimon.specs -mthumb -mcpu=cortex-m3 -mthumb-interwork -Wl,--gc-sections -lgcc -lc -lm -lrdimon Drivers/STM32F1xx_HAL_Driver/Src/stm32f1xx_hal_adc_ex.c
/local/sdk_elec/gcc-arm-none-eabi-5_2-2015q4/bin/arm-none-eabi-gcc -c -o stm32f1xx_hal_spi.o -IInc/ -IDrivers/STM32F1xx_HAL_Driver/Inc/ -ISrc/vl6180x/ -IDrivers/BSP/STM32F1xx_Nucleo/ -IDrivers/CMSIS/Device/ST/STM32F1xx/Include/ -IDrivers/CMSIS/Include/ -DSTM32F103xBt -ggdb -O0 -mlittle-endian --specs=rdimon.specs -mthumb -mcpu=cortex-m3 -mthumb-interwork -Wl,--gc-sections -lgcc -lc -lm -lrdimon Drivers/STM32F1xx_HAL_Driver/Src/stm32f1xx_hal_spi.c
/local/sdk_elec/gcc-arm-none-eabi-5_2-2015q4/bin/arm-none-eabi-gcc -c -o stm32f1xx_hal_i2c.o -IInc/ -IDrivers/STM32F1xx_HAL_Driver/Inc/ -ISrc/vl6180x/ -IDrivers/BSP/STM32F1xx_Nucleo/ -IDrivers/CMSIS/Device/ST/STM32F1xx/Include/ -IDrivers/CMSIS/Include/ -DSTM32F103xBt -ggdb -O0 -mlittle-endian --specs=rdimon.specs -mthumb -mcpu=cortex-m3 -mthumb-interwork -Wl,--gc-sections -lgcc -lc -lm -lrdimon Drivers/STM32F1xx_HAL_Driver/Src/stm32f1xx_hal_i2c.c
/local/sdk_elec/gcc-arm-none-eabi-5_2-2015q4/bin/arm-none-eabi-gcc -c -o stm32f1xx_hal_tim.o -IInc/ -IDrivers/STM32F1xx_HAL_Driver/Inc/ -ISrc/vl6180x/ -IDrivers/BSP/STM32F1xx_Nucleo/ -IDrivers/CMSIS/Device/ST/STM32F1xx/Include/ -IDrivers/CMSIS/Include/ -DSTM32F103xBt -ggdb -O0 -mlittle-endian --specs=rdimon.specs -mthumb -mcpu=cortex-m3 -mthumb-interwork -Wl,--gc-sections -lgcc -lc -lm -lrdimon Drivers/STM32F1xx_HAL_Driver/Src/stm32f1xx_hal_tim.c
/local/sdk_elec/gcc-arm-none-eabi-5_2-2015q4/bin/arm-none-eabi-gcc -c -o stm32f1xx_hal_tim_ex.o -IInc/ -IDrivers/STM32F1xx_HAL_Driver/Inc/ -ISrc/vl6180x/ -IDrivers/BSP/STM32F1xx_Nucleo/ -IDrivers/CMSIS/Device/ST/STM32F1xx/Include/ -IDrivers/CMSIS/Include/ -DSTM32F103xBt -ggdb -O0 -mlittle-endian --specs=rdimon.specs -mthumb -mcpu=cortex-m3 -mthumb-interwork -Wl,--gc-sections -lgcc -lc -lm -lrdimon Drivers/STM32F1xx_HAL_Driver/Src/stm32f1xx_hal_tim_ex.c
/local/sdk_elec/gcc-arm-none-eabi-5_2-2015q4/bin/arm-none-eabi-gcc -c -o stm32f1xx_hal_can.o -IInc/ -IDrivers/STM32F1xx_HAL_Driver/Inc/ -ISrc/vl6180x/ -IDrivers/BSP/STM32F1xx_Nucleo/ -IDrivers/CMSIS/Device/ST/STM32F1xx/Include/ -IDrivers/CMSIS/Include/ -DSTM32F103xBt -ggdb -O0 -mlittle-endian --specs=rdimon.specs -mthumb -mcpu=cortex-m3 -mthumb-interwork -Wl,--gc-sections -lgcc -lc -lm -lrdimon Drivers/STM32F1xx_HAL_Driver/Src/stm32f1xx_hal_can.c
/local/sdk_elec/gcc-arm-none-eabi-5_2-2015q4/bin/arm-none-eabi-gcc -IInc/ -IDrivers/STM32F1xx_HAL_Driver/Inc/ -ISrc/vl6180x/ -IDrivers/BSP/STM32F1xx_Nucleo/ -IDrivers/CMSIS/Device/ST/STM32F1xx/Include/ -IDrivers/CMSIS/Include/ -DSTM32F103xBt -ggdb -O0 -mlittle-endian --specs=rdimon.specs -mthumb -mcpu=cortex-m3 -mthumb-interwork -Wl,--gc-sections -lgcc -lc -lm -lrdimon -Wall -Wextra -Warray-bounds -Wno-unused-parameter -TDevice/gcc.ld Src/main.c Device/startup_stm32f103xb.s Src/vl6180x/vl6180x_api.c Src/vl6180x/vl6180x_lib.c Src/vl6180x/x-nucleo-6180xa1.c Src/stm32f1xx_hal_msp.c Src/stm32f1xx_it.c Src/system_stm32f1xx.c Src/systemClock.c Src/drv_can.c Src/drv_spi.c Src/drv_uart.c Src/drv_i2c.c Src/anemo.c Src/mpu9250.c Src/tickTimer.c stm32f1xx_hal.o stm32f1xx_hal_rcc.o stm32f1xx_hal_rcc_ex.o stm32f1xx_hal_rtc.o stm32f1xx_hal_gpio.o stm32f1xx_hal_cortex.o stm32f1xx_hal_pcd.o stm32f1xx_hal_pcd_ex.o stm32f1xx_hal_uart.o stm32f1xx_hal_usart.o stm32f1xx_hal_dma.o stm32f1xx_hal_adc.o stm32f1xx_hal_adc_ex.o stm32f1xx_hal_spi.o stm32f1xx_hal_i2c.o stm32f1xx_hal_tim.o stm32f1xx_hal_tim_ex.o stm32f1xx_hal_can.o Drivers/BSP/STM32F1xx_Nucleo/stm32f1xx_nucleo.o -o template.elf
Src/vl6180x/vl6180x_api.c: In function '_DMax_Compute':
Src/vl6180x/vl6180x_api.c:2574:18: warning: comparison between signed and unsigned integer expressions [-Wsign-compare]
  if (rtnAmbRate  < rtnAmbLowLimit_KCps) {
                  ^
Src/vl6180x/vl6180x_lib.c: In function 'RangeState':
Src/vl6180x/vl6180x_lib.c:439:41: warning: comparison of unsigned expression >= 0 is always true [-Wtype-limits]
             if (g_TickCnt - TimeStarted >= ErrRangeDispTime &&  g_TickCnt - TimeStarted <  ErrRangeDispTime + DMaxDispTime ){
                                         ^
Src/vl6180x/vl6180x_lib.c:439:89: warning: comparison of unsigned expression < 0 is always false [-Wtype-limits]
             if (g_TickCnt - TimeStarted >= ErrRangeDispTime &&  g_TickCnt - TimeStarted <  ErrRangeDispTime + DMaxDispTime ){
                                                                                         ^
Src/vl6180x/vl6180x_lib.c:446:40: warning: comparison of unsigned expression < 0 is always false [-Wtype-limits]
             if(g_TickCnt - TimeStarted < ErrRangeDispTime  )
                                        ^
Src/anemo.c: In function 'anemo_ResetCount':
Src/anemo.c:47:1: warning: control reaches end of non-void function [-Wreturn-type]
 }
 ^
/local/sdk_elec/gcc-arm-none-eabi-5_2-2015q4/bin/arm-none-eabi-objcopy -O ihex template.elf   template.hex
/local/sdk_elec/gcc-arm-none-eabi-5_2-2015q4/bin/arm-none-eabi-objcopy -O binary template.elf template.bin
11:29:06 **** Incremental Build of configuration Default for project stm32-nucleo-f103rb_base ****
make all 
make: Nothing to be done for 'all'.
11:29:12 **** Clean-only build of configuration Default for project stm32-nucleo-f103rb_base ****
make clean 
rm -f *.o template.elf template.hex template.bin
11:29:13 **** Build of configuration Default for project stm32-nucleo-f103rb_base ****
make all 
/local/sdk_elec/gcc-arm-none-eabi-5_2-2015q4/bin/arm-none-eabi-gcc -c -o stm32f1xx_hal.o -IInc/ -IDrivers/STM32F1xx_HAL_Driver/Inc/ -ISrc/vl6180x/ -IDrivers/BSP/STM32F1xx_Nucleo/ -IDrivers/CMSIS/Device/ST/STM32F1xx/Include/ -IDrivers/CMSIS/Include/ -DSTM32F103xBt -ggdb -O0 -mlittle-endian --specs=rdimon.specs -mthumb -mcpu=cortex-m3 -mthumb-interwork -Wl,--gc-sections -lgcc -lc -lm -lrdimon Drivers/STM32F1xx_HAL_Driver/Src/stm32f1xx_hal.c
make: /local/sdk_elec/gcc-arm-none-eabi-5_2-2015q4/bin/arm-none-eabi-gcc: Command not found
Makefile:107: recipe for target 'stm32f1xx_hal.o' failed
make: *** [stm32f1xx_hal.o] Error 127
11:30:58 **** Incremental Build of configuration Default for project stm32-nucleo-f103rb_base ****
make all 
/local/sdk_elec/gcc-arm-none-eabi-5_2-2015q4/bin/arm-none-eabi-gcc -c -o stm32f1xx_hal.o -IInc/ -IDrivers/STM32F1xx_HAL_Driver/Inc/ -ISrc/vl6180x/ -IDrivers/BSP/STM32F1xx_Nucleo/ -IDrivers/CMSIS/Device/ST/STM32F1xx/Include/ -IDrivers/CMSIS/Include/ -DSTM32F103xBt -ggdb -O0 -mlittle-endian --specs=rdimon.specs -mthumb -mcpu=cortex-m3 -mthumb-interwork -Wl,--gc-sections -lgcc -lc -lm -lrdimon Drivers/STM32F1xx_HAL_Driver/Src/stm32f1xx_hal.c
make: /local/sdk_elec/gcc-arm-none-eabi-5_2-2015q4/bin/arm-none-eabi-gcc: Command not found
Makefile:107: recipe for target 'stm32f1xx_hal.o' failed
make: *** [stm32f1xx_hal.o] Error 127
11:34:51 **** Incremental Build of configuration Default for project stm32-nucleo-f103rb_base ****
make all 
/local/sdk_elec/gcc-arm-none-eabi-5_2-2015q4/bin/arm-none-eabi-gcc -c -o stm32f1xx_hal.o -IInc/ -IDrivers/STM32F1xx_HAL_Driver/Inc/ -ISrc/vl6180x/ -IDrivers/BSP/STM32F1xx_Nucleo/ -IDrivers/CMSIS/Device/ST/STM32F1xx/Include/ -IDrivers/CMSIS/Include/ -DSTM32F103xBt -ggdb -O0 -mlittle-endian --specs=rdimon.specs -mthumb -mcpu=cortex-m3 -mthumb-interwork -Wl,--gc-sections -lgcc -lc -lm -lrdimon Drivers/STM32F1xx_HAL_Driver/Src/stm32f1xx_hal.c
make: /local/sdk_elec/gcc-arm-none-eabi-5_2-2015q4/bin/arm-none-eabi-gcc: Command not found
Makefile:107: recipe for target 'stm32f1xx_hal.o' failed
make: *** [stm32f1xx_hal.o] Error 127
11:35:30 **** Incremental Build of configuration Default for project stm32-nucleo-f103rb_base ****
make all 
arm-none-eabi-gcc -c -o stm32f1xx_hal.o -IInc/ -IDrivers/STM32F1xx_HAL_Driver/Inc/ -ISrc/vl6180x/ -IDrivers/BSP/STM32F1xx_Nucleo/ -IDrivers/CMSIS/Device/ST/STM32F1xx/Include/ -IDrivers/CMSIS/Include/ -DSTM32F103xBt -ggdb -O0 -mlittle-endian --specs=rdimon.specs -mthumb -mcpu=cortex-m3 -mthumb-interwork -Wl,--gc-sections -lgcc -lc -lm -lrdimon Drivers/STM32F1xx_HAL_Driver/Src/stm32f1xx_hal.c
arm-none-eabi-gcc -c -o stm32f1xx_hal_rcc.o -IInc/ -IDrivers/STM32F1xx_HAL_Driver/Inc/ -ISrc/vl6180x/ -IDrivers/BSP/STM32F1xx_Nucleo/ -IDrivers/CMSIS/Device/ST/STM32F1xx/Include/ -IDrivers/CMSIS/Include/ -DSTM32F103xBt -ggdb -O0 -mlittle-endian --specs=rdimon.specs -mthumb -mcpu=cortex-m3 -mthumb-interwork -Wl,--gc-sections -lgcc -lc -lm -lrdimon Drivers/STM32F1xx_HAL_Driver/Src/stm32f1xx_hal_rcc.c
arm-none-eabi-gcc -c -o stm32f1xx_hal_rcc_ex.o -IInc/ -IDrivers/STM32F1xx_HAL_Driver/Inc/ -ISrc/vl6180x/ -IDrivers/BSP/STM32F1xx_Nucleo/ -IDrivers/CMSIS/Device/ST/STM32F1xx/Include/ -IDrivers/CMSIS/Include/ -DSTM32F103xBt -ggdb -O0 -mlittle-endian --specs=rdimon.specs -mthumb -mcpu=cortex-m3 -mthumb-interwork -Wl,--gc-sections -lgcc -lc -lm -lrdimon Drivers/STM32F1xx_HAL_Driver/Src/stm32f1xx_hal_rcc_ex.c
arm-none-eabi-gcc -c -o stm32f1xx_hal_rtc.o -IInc/ -IDrivers/STM32F1xx_HAL_Driver/Inc/ -ISrc/vl6180x/ -IDrivers/BSP/STM32F1xx_Nucleo/ -IDrivers/CMSIS/Device/ST/STM32F1xx/Include/ -IDrivers/CMSIS/Include/ -DSTM32F103xBt -ggdb -O0 -mlittle-endian --specs=rdimon.specs -mthumb -mcpu=cortex-m3 -mthumb-interwork -Wl,--gc-sections -lgcc -lc -lm -lrdimon Drivers/STM32F1xx_HAL_Driver/Src/stm32f1xx_hal_rtc.c
arm-none-eabi-gcc -c -o stm32f1xx_hal_gpio.o -IInc/ -IDrivers/STM32F1xx_HAL_Driver/Inc/ -ISrc/vl6180x/ -IDrivers/BSP/STM32F1xx_Nucleo/ -IDrivers/CMSIS/Device/ST/STM32F1xx/Include/ -IDrivers/CMSIS/Include/ -DSTM32F103xBt -ggdb -O0 -mlittle-endian --specs=rdimon.specs -mthumb -mcpu=cortex-m3 -mthumb-interwork -Wl,--gc-sections -lgcc -lc -lm -lrdimon Drivers/STM32F1xx_HAL_Driver/Src/stm32f1xx_hal_gpio.c
arm-none-eabi-gcc -c -o stm32f1xx_hal_cortex.o -IInc/ -IDrivers/STM32F1xx_HAL_Driver/Inc/ -ISrc/vl6180x/ -IDrivers/BSP/STM32F1xx_Nucleo/ -IDrivers/CMSIS/Device/ST/STM32F1xx/Include/ -IDrivers/CMSIS/Include/ -DSTM32F103xBt -ggdb -O0 -mlittle-endian --specs=rdimon.specs -mthumb -mcpu=cortex-m3 -mthumb-interwork -Wl,--gc-sections -lgcc -lc -lm -lrdimon Drivers/STM32F1xx_HAL_Driver/Src/stm32f1xx_hal_cortex.c
arm-none-eabi-gcc -c -o stm32f1xx_hal_pcd.o -IInc/ -IDrivers/STM32F1xx_HAL_Driver/Inc/ -ISrc/vl6180x/ -IDrivers/BSP/STM32F1xx_Nucleo/ -IDrivers/CMSIS/Device/ST/STM32F1xx/Include/ -IDrivers/CMSIS/Include/ -DSTM32F103xBt -ggdb -O0 -mlittle-endian --specs=rdimon.specs -mthumb -mcpu=cortex-m3 -mthumb-interwork -Wl,--gc-sections -lgcc -lc -lm -lrdimon Drivers/STM32F1xx_HAL_Driver/Src/stm32f1xx_hal_pcd.c
arm-none-eabi-gcc -c -o stm32f1xx_hal_pcd_ex.o -IInc/ -IDrivers/STM32F1xx_HAL_Driver/Inc/ -ISrc/vl6180x/ -IDrivers/BSP/STM32F1xx_Nucleo/ -IDrivers/CMSIS/Device/ST/STM32F1xx/Include/ -IDrivers/CMSIS/Include/ -DSTM32F103xBt -ggdb -O0 -mlittle-endian --specs=rdimon.specs -mthumb -mcpu=cortex-m3 -mthumb-interwork -Wl,--gc-sections -lgcc -lc -lm -lrdimon Drivers/STM32F1xx_HAL_Driver/Src/stm32f1xx_hal_pcd_ex.c
arm-none-eabi-gcc -c -o stm32f1xx_hal_uart.o -IInc/ -IDrivers/STM32F1xx_HAL_Driver/Inc/ -ISrc/vl6180x/ -IDrivers/BSP/STM32F1xx_Nucleo/ -IDrivers/CMSIS/Device/ST/STM32F1xx/Include/ -IDrivers/CMSIS/Include/ -DSTM32F103xBt -ggdb -O0 -mlittle-endian --specs=rdimon.specs -mthumb -mcpu=cortex-m3 -mthumb-interwork -Wl,--gc-sections -lgcc -lc -lm -lrdimon Drivers/STM32F1xx_HAL_Driver/Src/stm32f1xx_hal_uart.c
arm-none-eabi-gcc -c -o stm32f1xx_hal_usart.o -IInc/ -IDrivers/STM32F1xx_HAL_Driver/Inc/ -ISrc/vl6180x/ -IDrivers/BSP/STM32F1xx_Nucleo/ -IDrivers/CMSIS/Device/ST/STM32F1xx/Include/ -IDrivers/CMSIS/Include/ -DSTM32F103xBt -ggdb -O0 -mlittle-endian --specs=rdimon.specs -mthumb -mcpu=cortex-m3 -mthumb-interwork -Wl,--gc-sections -lgcc -lc -lm -lrdimon Drivers/STM32F1xx_HAL_Driver/Src/stm32f1xx_hal_usart.c
arm-none-eabi-gcc -c -o stm32f1xx_hal_dma.o -IInc/ -IDrivers/STM32F1xx_HAL_Driver/Inc/ -ISrc/vl6180x/ -IDrivers/BSP/STM32F1xx_Nucleo/ -IDrivers/CMSIS/Device/ST/STM32F1xx/Include/ -IDrivers/CMSIS/Include/ -DSTM32F103xBt -ggdb -O0 -mlittle-endian --specs=rdimon.specs -mthumb -mcpu=cortex-m3 -mthumb-interwork -Wl,--gc-sections -lgcc -lc -lm -lrdimon Drivers/STM32F1xx_HAL_Driver/Src/stm32f1xx_hal_dma.c
arm-none-eabi-gcc -c -o stm32f1xx_hal_adc.o -IInc/ -IDrivers/STM32F1xx_HAL_Driver/Inc/ -ISrc/vl6180x/ -IDrivers/BSP/STM32F1xx_Nucleo/ -IDrivers/CMSIS/Device/ST/STM32F1xx/Include/ -IDrivers/CMSIS/Include/ -DSTM32F103xBt -ggdb -O0 -mlittle-endian --specs=rdimon.specs -mthumb -mcpu=cortex-m3 -mthumb-interwork -Wl,--gc-sections -lgcc -lc -lm -lrdimon Drivers/STM32F1xx_HAL_Driver/Src/stm32f1xx_hal_adc.c
arm-none-eabi-gcc -c -o stm32f1xx_hal_adc_ex.o -IInc/ -IDrivers/STM32F1xx_HAL_Driver/Inc/ -ISrc/vl6180x/ -IDrivers/BSP/STM32F1xx_Nucleo/ -IDrivers/CMSIS/Device/ST/STM32F1xx/Include/ -IDrivers/CMSIS/Include/ -DSTM32F103xBt -ggdb -O0 -mlittle-endian --specs=rdimon.specs -mthumb -mcpu=cortex-m3 -mthumb-interwork -Wl,--gc-sections -lgcc -lc -lm -lrdimon Drivers/STM32F1xx_HAL_Driver/Src/stm32f1xx_hal_adc_ex.c
arm-none-eabi-gcc -c -o stm32f1xx_hal_spi.o -IInc/ -IDrivers/STM32F1xx_HAL_Driver/Inc/ -ISrc/vl6180x/ -IDrivers/BSP/STM32F1xx_Nucleo/ -IDrivers/CMSIS/Device/ST/STM32F1xx/Include/ -IDrivers/CMSIS/Include/ -DSTM32F103xBt -ggdb -O0 -mlittle-endian --specs=rdimon.specs -mthumb -mcpu=cortex-m3 -mthumb-interwork -Wl,--gc-sections -lgcc -lc -lm -lrdimon Drivers/STM32F1xx_HAL_Driver/Src/stm32f1xx_hal_spi.c
arm-none-eabi-gcc -c -o stm32f1xx_hal_i2c.o -IInc/ -IDrivers/STM32F1xx_HAL_Driver/Inc/ -ISrc/vl6180x/ -IDrivers/BSP/STM32F1xx_Nucleo/ -IDrivers/CMSIS/Device/ST/STM32F1xx/Include/ -IDrivers/CMSIS/Include/ -DSTM32F103xBt -ggdb -O0 -mlittle-endian --specs=rdimon.specs -mthumb -mcpu=cortex-m3 -mthumb-interwork -Wl,--gc-sections -lgcc -lc -lm -lrdimon Drivers/STM32F1xx_HAL_Driver/Src/stm32f1xx_hal_i2c.c
arm-none-eabi-gcc -c -o stm32f1xx_hal_tim.o -IInc/ -IDrivers/STM32F1xx_HAL_Driver/Inc/ -ISrc/vl6180x/ -IDrivers/BSP/STM32F1xx_Nucleo/ -IDrivers/CMSIS/Device/ST/STM32F1xx/Include/ -IDrivers/CMSIS/Include/ -DSTM32F103xBt -ggdb -O0 -mlittle-endian --specs=rdimon.specs -mthumb -mcpu=cortex-m3 -mthumb-interwork -Wl,--gc-sections -lgcc -lc -lm -lrdimon Drivers/STM32F1xx_HAL_Driver/Src/stm32f1xx_hal_tim.c
arm-none-eabi-gcc -c -o stm32f1xx_hal_tim_ex.o -IInc/ -IDrivers/STM32F1xx_HAL_Driver/Inc/ -ISrc/vl6180x/ -IDrivers/BSP/STM32F1xx_Nucleo/ -IDrivers/CMSIS/Device/ST/STM32F1xx/Include/ -IDrivers/CMSIS/Include/ -DSTM32F103xBt -ggdb -O0 -mlittle-endian --specs=rdimon.specs -mthumb -mcpu=cortex-m3 -mthumb-interwork -Wl,--gc-sections -lgcc -lc -lm -lrdimon Drivers/STM32F1xx_HAL_Driver/Src/stm32f1xx_hal_tim_ex.c
arm-none-eabi-gcc -c -o stm32f1xx_hal_can.o -IInc/ -IDrivers/STM32F1xx_HAL_Driver/Inc/ -ISrc/vl6180x/ -IDrivers/BSP/STM32F1xx_Nucleo/ -IDrivers/CMSIS/Device/ST/STM32F1xx/Include/ -IDrivers/CMSIS/Include/ -DSTM32F103xBt -ggdb -O0 -mlittle-endian --specs=rdimon.specs -mthumb -mcpu=cortex-m3 -mthumb-interwork -Wl,--gc-sections -lgcc -lc -lm -lrdimon Drivers/STM32F1xx_HAL_Driver/Src/stm32f1xx_hal_can.c
arm-none-eabi-gcc -IInc/ -IDrivers/STM32F1xx_HAL_Driver/Inc/ -ISrc/vl6180x/ -IDrivers/BSP/STM32F1xx_Nucleo/ -IDrivers/CMSIS/Device/ST/STM32F1xx/Include/ -IDrivers/CMSIS/Include/ -DSTM32F103xBt -ggdb -O0 -mlittle-endian --specs=rdimon.specs -mthumb -mcpu=cortex-m3 -mthumb-interwork -Wl,--gc-sections -lgcc -lc -lm -lrdimon -Wall -Wextra -Warray-bounds -Wno-unused-parameter -TDevice/gcc.ld Src/main.c Device/startup_stm32f103xb.s Src/vl6180x/vl6180x_api.c Src/vl6180x/vl6180x_lib.c Src/vl6180x/x-nucleo-6180xa1.c Src/stm32f1xx_hal_msp.c Src/stm32f1xx_it.c Src/system_stm32f1xx.c Src/systemClock.c Src/drv_can.c Src/drv_spi.c Src/drv_uart.c Src/drv_i2c.c Src/anemo.c Src/mpu9250.c Src/tickTimer.c stm32f1xx_hal.o stm32f1xx_hal_rcc.o stm32f1xx_hal_rcc_ex.o stm32f1xx_hal_rtc.o stm32f1xx_hal_gpio.o stm32f1xx_hal_cortex.o stm32f1xx_hal_pcd.o stm32f1xx_hal_pcd_ex.o stm32f1xx_hal_uart.o stm32f1xx_hal_usart.o stm32f1xx_hal_dma.o stm32f1xx_hal_adc.o stm32f1xx_hal_adc_ex.o stm32f1xx_hal_spi.o stm32f1xx_hal_i2c.o stm32f1xx_hal_tim.o stm32f1xx_hal_tim_ex.o stm32f1xx_hal_can.o Drivers/BSP/STM32F1xx_Nucleo/stm32f1xx_nucleo.o -o template.elf
Src/vl6180x/vl6180x_api.c: In function '_DMax_Compute':
Src/vl6180x/vl6180x_api.c:2574:18: warning: comparison between signed and unsigned integer expressions [-Wsign-compare]
  if (rtnAmbRate  < rtnAmbLowLimit_KCps) {
                  ^
Src/vl6180x/vl6180x_lib.c: In function 'RangeState':
Src/vl6180x/vl6180x_lib.c:439:41: warning: comparison of unsigned expression >= 0 is always true [-Wtype-limits]
             if (g_TickCnt - TimeStarted >= ErrRangeDispTime &&  g_TickCnt - TimeStarted <  ErrRangeDispTime + DMaxDispTime ){
                                         ^
Src/vl6180x/vl6180x_lib.c:439:89: warning: comparison of unsigned expression < 0 is always false [-Wtype-limits]
             if (g_TickCnt - TimeStarted >= ErrRangeDispTime &&  g_TickCnt - TimeStarted <  ErrRangeDispTime + DMaxDispTime ){
                                                                                         ^
Src/vl6180x/vl6180x_lib.c:446:40: warning: comparison of unsigned expression < 0 is always false [-Wtype-limits]
             if(g_TickCnt - TimeStarted < ErrRangeDispTime  )
                                        ^
Src/anemo.c: In function 'anemo_ResetCount':
Src/anemo.c:47:1: warning: control reaches end of non-void function [-Wreturn-type]
 }
 ^
arm-none-eabi-objcopy -O ihex template.elf   template.hex
arm-none-eabi-objcopy -O binary template.elf template.bin
09:58:52 **** Incremental Build of configuration Default for project stm32-nucleo-f103rb_base ****
make all 
make: Nothing to be done for `all'.
09:59:11 **** Incremental Build of configuration Default for project stm32-nucleo-f103rb_base ****
make all 
make: Nothing to be done for `all'.
